[2020-10-19 15:09:44.446] [main] [INFO ] com.htht.ReportTest - Starting ReportTest on DESKTOP-B511OAC with PID 17164 (started by admin in D:\gitcangku\monitor8\oap-server\server-starter-boot\server-starter-boot-schedule)
[2020-10-19 15:09:44.448] [main] [INFO ] com.htht.ReportTest - No active profile set, falling back to default profiles: default
[2020-10-19 15:09:48.637] [main] [INFO ] o.s.d.r.config.RepositoryConfigurationDelegate - Multiple Spring Data modules found, entering strict repository configuration mode!
[2020-10-19 15:09:48.680] [main] [INFO ] o.s.d.r.config.RepositoryConfigurationDelegate - Bootstrapping Spring Data repositories in DEFAULT mode.
[2020-10-19 15:09:48.809] [main] [INFO ] o.s.d.r.config.RepositoryConfigurationDelegate - Finished Spring Data repository scanning in 73ms. Found 0 repository interfaces.
[2020-10-19 15:09:49.907] [main] [INFO ] o.a.s.o.s.l.c.elasticsearch.ElasticSearchClient - elasticsearch cluster nodes: 10.1.100.35:9200
[2020-10-19 15:09:55.908] [main] [INFO ] n.d.b.g.c.nameresolver.NameResolverRegistration - net.devh.boot.grpc.server.nameresolver.SelfNameResolverFactory@13b29b34 is available -> Added to the NameResolverRegistry
[2020-10-19 15:09:57.138] [main] [INFO ] n.d.b.g.s.serverfactory.AbstractGrpcServerFactory - Registered gRPC service: CommonService, bean: commonService, class: com.piesat.common.grpc.service.CommonService
[2020-10-19 15:09:58.475] [main] [INFO ] n.d.b.g.c.nameresolver.NameResolverRegistration - net.devh.boot.grpc.server.nameresolver.SelfNameResolverFactory@13b29b34 was removed from the NameResolverRegistry
[2020-10-19 15:09:58.512] [main] [INFO ] o.s.b.a.l.ConditionEvaluationReportLoggingListener - 

Error starting ApplicationContext. To display the conditions report re-run your application with 'debug' enabled.
[2020-10-19 15:10:29.370] [main] [INFO ] com.htht.ReportTest - Starting ReportTest on DESKTOP-B511OAC with PID 21012 (started by admin in D:\gitcangku\monitor8\oap-server\server-starter-boot\server-starter-boot-schedule)
[2020-10-19 15:10:29.374] [main] [INFO ] com.htht.ReportTest - No active profile set, falling back to default profiles: default
[2020-10-19 15:10:32.745] [main] [INFO ] o.s.d.r.config.RepositoryConfigurationDelegate - Multiple Spring Data modules found, entering strict repository configuration mode!
[2020-10-19 15:10:32.755] [main] [INFO ] o.s.d.r.config.RepositoryConfigurationDelegate - Bootstrapping Spring Data repositories in DEFAULT mode.
[2020-10-19 15:10:32.856] [main] [INFO ] o.s.d.r.config.RepositoryConfigurationDelegate - Finished Spring Data repository scanning in 66ms. Found 0 repository interfaces.
[2020-10-19 15:10:33.802] [main] [INFO ] o.a.s.o.s.l.c.elasticsearch.ElasticSearchClient - elasticsearch cluster nodes: 10.1.100.35:9200
[2020-10-19 15:10:38.443] [main] [INFO ] n.d.b.g.c.nameresolver.NameResolverRegistration - net.devh.boot.grpc.server.nameresolver.SelfNameResolverFactory@64eeddd8 is available -> Added to the NameResolverRegistry
[2020-10-19 15:10:39.528] [main] [INFO ] n.d.b.g.s.serverfactory.AbstractGrpcServerFactory - Registered gRPC service: CommonService, bean: commonService, class: com.piesat.common.grpc.service.CommonService
[2020-10-19 15:10:40.784] [main] [INFO ] n.d.b.g.server.serverfactory.GrpcServerLifecycle - gRPC Server started, listening on address: *, port: 11700
[2020-10-19 15:10:40.799] [main] [INFO ] com.htht.ReportTest - Started ReportTest in 12.646 seconds (JVM running for 14.873)
[2020-10-19 15:10:41.547] [main] [INFO ] io.lettuce.core.EpollProvider - Starting without optional epoll library
[2020-10-19 15:10:41.550] [main] [INFO ] io.lettuce.core.KqueueProvider - Starting without optional kqueue library
[2020-10-19 15:10:42.777] [grpc-worker-timing-pool-0] [INFO ] com.piesat.common.config.TimingConfig - ==执行服务发现线程==
[2020-10-19 15:10:42.778] [grpc-worker-timing-pool-1] [INFO ] com.piesat.common.config.TimingConfig - ==执行心跳监测线程==
[2020-10-19 15:11:21.017] [Thread-2] [INFO ] n.d.b.g.server.serverfactory.GrpcServerLifecycle - gRPC server shutdown.
[2020-10-19 15:11:21.032] [Thread-2] [INFO ] n.d.b.g.c.nameresolver.NameResolverRegistration - net.devh.boot.grpc.server.nameresolver.SelfNameResolverFactory@64eeddd8 was removed from the NameResolverRegistry
[2020-10-19 15:11:21.037] [grpc-worker-timing-pool-0] [INFO ] com.piesat.common.config.TimingConfig - grpc 10.1.100.35:11800 心跳检测失败
[2020-10-19 15:50:10.824] [main] [INFO ] com.htht.ReportTest - Starting ReportTest on DESKTOP-B511OAC with PID 21380 (started by admin in D:\gitcangku\monitor8\oap-server\server-starter-boot\server-starter-boot-schedule)
[2020-10-19 15:50:10.831] [main] [INFO ] com.htht.ReportTest - No active profile set, falling back to default profiles: default
[2020-10-19 15:50:13.885] [main] [INFO ] o.s.d.r.config.RepositoryConfigurationDelegate - Multiple Spring Data modules found, entering strict repository configuration mode!
[2020-10-19 15:50:13.897] [main] [INFO ] o.s.d.r.config.RepositoryConfigurationDelegate - Bootstrapping Spring Data repositories in DEFAULT mode.
[2020-10-19 15:50:13.998] [main] [INFO ] o.s.d.r.config.RepositoryConfigurationDelegate - Finished Spring Data repository scanning in 66ms. Found 0 repository interfaces.
[2020-10-19 15:50:14.929] [main] [INFO ] o.a.s.o.s.l.c.elasticsearch.ElasticSearchClient - elasticsearch cluster nodes: 10.1.100.35:9200
[2020-10-19 15:50:19.618] [main] [INFO ] n.d.b.g.c.nameresolver.NameResolverRegistration - net.devh.boot.grpc.server.nameresolver.SelfNameResolverFactory@645d4639 is available -> Added to the NameResolverRegistry
[2020-10-19 15:50:20.765] [main] [INFO ] n.d.b.g.s.serverfactory.AbstractGrpcServerFactory - Registered gRPC service: CommonService, bean: commonService, class: com.piesat.common.grpc.service.CommonService
[2020-10-19 15:50:22.192] [main] [INFO ] n.d.b.g.server.serverfactory.GrpcServerLifecycle - gRPC Server started, listening on address: *, port: 11700
[2020-10-19 15:50:22.206] [main] [INFO ] com.htht.ReportTest - Started ReportTest in 12.506 seconds (JVM running for 14.672)
[2020-10-19 15:50:22.825] [main] [INFO ] io.lettuce.core.EpollProvider - Starting without optional epoll library
[2020-10-19 15:50:22.827] [main] [INFO ] io.lettuce.core.KqueueProvider - Starting without optional kqueue library
[2020-10-19 15:50:23.972] [grpc-worker-timing-pool-0] [INFO ] com.piesat.common.config.TimingConfig - ==执行服务发现线程==
[2020-10-19 15:50:23.972] [grpc-worker-timing-pool-1] [INFO ] com.piesat.common.config.TimingConfig - ==执行心跳监测线程==
[2020-10-19 16:09:38.609] [grpc-worker-timing-pool-1] [INFO ] com.piesat.common.config.TimingConfig - ==执行心跳监测线程==
[2020-10-19 16:09:38.692] [Thread-2] [INFO ] n.d.b.g.server.serverfactory.GrpcServerLifecycle - gRPC server shutdown.
[2020-10-19 16:09:38.703] [Thread-2] [INFO ] n.d.b.g.c.nameresolver.NameResolverRegistration - net.devh.boot.grpc.server.nameresolver.SelfNameResolverFactory@645d4639 was removed from the NameResolverRegistry
[2020-10-19 16:09:38.839] [grpc-worker-timing-pool-0] [INFO ] com.piesat.common.config.TimingConfig - grpc服务发现定时线程异常
[2020-10-19 16:09:54.201] [main] [INFO ] com.htht.ReportTest - Starting ReportTest on DESKTOP-B511OAC with PID 14004 (started by admin in D:\gitcangku\monitor8\oap-server\server-starter-boot\server-starter-boot-schedule)
[2020-10-19 16:09:54.204] [main] [INFO ] com.htht.ReportTest - No active profile set, falling back to default profiles: default
[2020-10-19 16:09:59.493] [main] [INFO ] o.s.d.r.config.RepositoryConfigurationDelegate - Multiple Spring Data modules found, entering strict repository configuration mode!
[2020-10-19 16:09:59.513] [main] [INFO ] o.s.d.r.config.RepositoryConfigurationDelegate - Bootstrapping Spring Data repositories in DEFAULT mode.
[2020-10-19 16:09:59.651] [main] [INFO ] o.s.d.r.config.RepositoryConfigurationDelegate - Finished Spring Data repository scanning in 86ms. Found 0 repository interfaces.
[2020-10-19 16:10:00.959] [main] [INFO ] o.a.s.o.s.l.c.elasticsearch.ElasticSearchClient - elasticsearch cluster nodes: 10.1.100.35:9200
[2020-10-19 16:10:06.966] [main] [INFO ] n.d.b.g.c.nameresolver.NameResolverRegistration - net.devh.boot.grpc.server.nameresolver.SelfNameResolverFactory@5534e6f1 is available -> Added to the NameResolverRegistry
[2020-10-19 16:10:08.029] [main] [INFO ] n.d.b.g.s.serverfactory.AbstractGrpcServerFactory - Registered gRPC service: CommonService, bean: commonService, class: com.piesat.common.grpc.service.CommonService
[2020-10-19 16:10:09.258] [main] [INFO ] n.d.b.g.server.serverfactory.GrpcServerLifecycle - gRPC Server started, listening on address: *, port: 11700
[2020-10-19 16:10:09.272] [main] [INFO ] com.htht.ReportTest - Started ReportTest in 16.881 seconds (JVM running for 20.095)
[2020-10-19 16:10:09.905] [main] [INFO ] io.lettuce.core.EpollProvider - Starting without optional epoll library
[2020-10-19 16:10:09.907] [main] [INFO ] io.lettuce.core.KqueueProvider - Starting without optional kqueue library
[2020-10-19 16:10:11.057] [grpc-worker-timing-pool-0] [INFO ] com.piesat.common.config.TimingConfig - ==执行服务发现线程==
[2020-10-19 16:10:11.057] [grpc-worker-timing-pool-1] [INFO ] com.piesat.common.config.TimingConfig - ==执行心跳监测线程==
[2020-10-19 16:10:12.122] [Thread-2] [INFO ] n.d.b.g.server.serverfactory.GrpcServerLifecycle - gRPC server shutdown.
[2020-10-19 16:10:12.131] [Thread-2] [INFO ] n.d.b.g.c.nameresolver.NameResolverRegistration - net.devh.boot.grpc.server.nameresolver.SelfNameResolverFactory@5534e6f1 was removed from the NameResolverRegistry
[2020-10-19 16:10:48.413] [main] [INFO ] com.htht.ReportTest - Starting ReportTest on DESKTOP-B511OAC with PID 7932 (started by admin in D:\gitcangku\monitor8\oap-server\server-starter-boot\server-starter-boot-schedule)
[2020-10-19 16:10:48.419] [main] [INFO ] com.htht.ReportTest - No active profile set, falling back to default profiles: default
[2020-10-19 16:10:52.255] [main] [INFO ] o.s.d.r.config.RepositoryConfigurationDelegate - Multiple Spring Data modules found, entering strict repository configuration mode!
[2020-10-19 16:10:52.264] [main] [INFO ] o.s.d.r.config.RepositoryConfigurationDelegate - Bootstrapping Spring Data repositories in DEFAULT mode.
[2020-10-19 16:10:52.351] [main] [INFO ] o.s.d.r.config.RepositoryConfigurationDelegate - Finished Spring Data repository scanning in 54ms. Found 0 repository interfaces.
[2020-10-19 16:10:53.118] [main] [INFO ] o.a.s.o.s.l.c.elasticsearch.ElasticSearchClient - elasticsearch cluster nodes: 10.1.100.35:9200
[2020-10-19 16:10:57.896] [main] [INFO ] n.d.b.g.c.nameresolver.NameResolverRegistration - net.devh.boot.grpc.server.nameresolver.SelfNameResolverFactory@f5ae29e is available -> Added to the NameResolverRegistry
[2020-10-19 16:10:59.101] [main] [INFO ] n.d.b.g.s.serverfactory.AbstractGrpcServerFactory - Registered gRPC service: CommonService, bean: commonService, class: com.piesat.common.grpc.service.CommonService
[2020-10-19 16:11:00.678] [main] [INFO ] n.d.b.g.server.serverfactory.GrpcServerLifecycle - gRPC Server started, listening on address: *, port: 11700
[2020-10-19 16:11:00.699] [main] [INFO ] com.htht.ReportTest - Started ReportTest in 13.886 seconds (JVM running for 16.124)
[2020-10-19 16:11:01.646] [main] [INFO ] io.lettuce.core.EpollProvider - Starting without optional epoll library
[2020-10-19 16:11:01.650] [main] [INFO ] io.lettuce.core.KqueueProvider - Starting without optional kqueue library
[2020-10-19 16:11:03.074] [grpc-worker-timing-pool-0] [INFO ] com.piesat.common.config.TimingConfig - ==执行服务发现线程==
[2020-10-19 16:11:03.074] [grpc-worker-timing-pool-1] [INFO ] com.piesat.common.config.TimingConfig - ==执行心跳监测线程==
[2020-10-19 16:11:03.686] [Thread-2] [INFO ] n.d.b.g.server.serverfactory.GrpcServerLifecycle - gRPC server shutdown.
[2020-10-19 16:11:03.694] [Thread-2] [INFO ] n.d.b.g.c.nameresolver.NameResolverRegistration - net.devh.boot.grpc.server.nameresolver.SelfNameResolverFactory@f5ae29e was removed from the NameResolverRegistry
[2020-10-19 16:11:25.461] [main] [INFO ] com.htht.ReportTest - Starting ReportTest on DESKTOP-B511OAC with PID 11552 (started by admin in D:\gitcangku\monitor8\oap-server\server-starter-boot\server-starter-boot-schedule)
[2020-10-19 16:11:25.464] [main] [INFO ] com.htht.ReportTest - No active profile set, falling back to default profiles: default
[2020-10-19 16:11:29.645] [main] [INFO ] o.s.d.r.config.RepositoryConfigurationDelegate - Multiple Spring Data modules found, entering strict repository configuration mode!
[2020-10-19 16:11:29.657] [main] [INFO ] o.s.d.r.config.RepositoryConfigurationDelegate - Bootstrapping Spring Data repositories in DEFAULT mode.
[2020-10-19 16:11:29.765] [main] [INFO ] o.s.d.r.config.RepositoryConfigurationDelegate - Finished Spring Data repository scanning in 61ms. Found 0 repository interfaces.
[2020-10-19 16:11:31.202] [main] [INFO ] o.a.s.o.s.l.c.elasticsearch.ElasticSearchClient - elasticsearch cluster nodes: 10.1.100.35:9200
[2020-10-19 16:11:37.028] [main] [INFO ] n.d.b.g.c.nameresolver.NameResolverRegistration - net.devh.boot.grpc.server.nameresolver.SelfNameResolverFactory@f08d676 is available -> Added to the NameResolverRegistry
[2020-10-19 16:11:38.176] [main] [INFO ] n.d.b.g.s.serverfactory.AbstractGrpcServerFactory - Registered gRPC service: CommonService, bean: commonService, class: com.piesat.common.grpc.service.CommonService
[2020-10-19 16:11:39.434] [main] [INFO ] n.d.b.g.server.serverfactory.GrpcServerLifecycle - gRPC Server started, listening on address: *, port: 11700
[2020-10-19 16:11:39.448] [main] [INFO ] com.htht.ReportTest - Started ReportTest in 16.282 seconds (JVM running for 20.227)
[2020-10-19 16:11:40.102] [main] [INFO ] io.lettuce.core.EpollProvider - Starting without optional epoll library
[2020-10-19 16:11:40.105] [main] [INFO ] io.lettuce.core.KqueueProvider - Starting without optional kqueue library
[2020-10-19 16:11:41.429] [grpc-worker-timing-pool-0] [INFO ] com.piesat.common.config.TimingConfig - ==执行服务发现线程==
[2020-10-19 16:11:41.430] [grpc-worker-timing-pool-1] [INFO ] com.piesat.common.config.TimingConfig - ==执行心跳监测线程==
[2020-10-19 16:13:37.898] [grpc-worker-timing-pool-0] [INFO ] com.piesat.common.config.TimingConfig - ==执行服务发现线程==
[2020-10-19 16:13:37.898] [grpc-worker-timing-pool-1] [INFO ] com.piesat.common.config.TimingConfig - ==执行心跳监测线程==
[2020-10-19 16:13:37.936] [Thread-2] [INFO ] n.d.b.g.server.serverfactory.GrpcServerLifecycle - gRPC server shutdown.
[2020-10-19 16:13:37.946] [Thread-2] [INFO ] n.d.b.g.c.nameresolver.NameResolverRegistration - net.devh.boot.grpc.server.nameresolver.SelfNameResolverFactory@f08d676 was removed from the NameResolverRegistry
[2020-10-19 16:21:53.697] [main] [INFO ] com.htht.ReportTest - Starting ReportTest on DESKTOP-B511OAC with PID 9044 (started by admin in D:\gitcangku\monitor8\oap-server\server-starter-boot\server-starter-boot-schedule)
[2020-10-19 16:21:53.702] [main] [INFO ] com.htht.ReportTest - No active profile set, falling back to default profiles: default
[2020-10-19 16:21:56.740] [main] [INFO ] o.s.d.r.config.RepositoryConfigurationDelegate - Multiple Spring Data modules found, entering strict repository configuration mode!
[2020-10-19 16:21:56.751] [main] [INFO ] o.s.d.r.config.RepositoryConfigurationDelegate - Bootstrapping Spring Data repositories in DEFAULT mode.
[2020-10-19 16:21:56.848] [main] [INFO ] o.s.d.r.config.RepositoryConfigurationDelegate - Finished Spring Data repository scanning in 58ms. Found 0 repository interfaces.
[2020-10-19 16:21:57.641] [main] [INFO ] o.a.s.o.s.l.c.elasticsearch.ElasticSearchClient - elasticsearch cluster nodes: 10.1.100.35:9200
[2020-10-19 16:22:02.098] [main] [INFO ] n.d.b.g.c.nameresolver.NameResolverRegistration - net.devh.boot.grpc.server.nameresolver.SelfNameResolverFactory@a7bbdbc is available -> Added to the NameResolverRegistry
[2020-10-19 16:22:03.387] [main] [INFO ] n.d.b.g.s.serverfactory.AbstractGrpcServerFactory - Registered gRPC service: CommonService, bean: commonService, class: com.piesat.common.grpc.service.CommonService
[2020-10-19 16:22:04.760] [main] [INFO ] n.d.b.g.server.serverfactory.GrpcServerLifecycle - gRPC Server started, listening on address: *, port: 11700
[2020-10-19 16:22:04.773] [main] [INFO ] com.htht.ReportTest - Started ReportTest in 12.516 seconds (JVM running for 14.553)
[2020-10-19 16:22:05.400] [main] [INFO ] io.lettuce.core.EpollProvider - Starting without optional epoll library
[2020-10-19 16:22:05.402] [main] [INFO ] io.lettuce.core.KqueueProvider - Starting without optional kqueue library
[2020-10-19 16:22:06.526] [grpc-worker-timing-pool-0] [INFO ] com.piesat.common.config.TimingConfig - ==执行服务发现线程==
[2020-10-19 16:22:06.527] [grpc-worker-timing-pool-1] [INFO ] com.piesat.common.config.TimingConfig - ==执行心跳监测线程==
[2020-10-19 16:24:34.148] [grpc-worker-timing-pool-1] [INFO ] com.piesat.common.config.TimingConfig - ==执行心跳监测线程==
[2020-10-19 16:24:34.178] [Thread-2] [INFO ] n.d.b.g.server.serverfactory.GrpcServerLifecycle - gRPC server shutdown.
[2020-10-19 16:24:34.188] [Thread-2] [INFO ] n.d.b.g.c.nameresolver.NameResolverRegistration - net.devh.boot.grpc.server.nameresolver.SelfNameResolverFactory@a7bbdbc was removed from the NameResolverRegistry
[2020-10-19 16:24:34.311] [grpc-worker-timing-pool-0] [INFO ] com.piesat.common.config.TimingConfig - grpc服务发现定时线程异常
[2020-10-19 16:25:14.950] [main] [INFO ] com.htht.ReportTest - Starting ReportTest on DESKTOP-B511OAC with PID 9552 (started by admin in D:\gitcangku\monitor8\oap-server\server-starter-boot\server-starter-boot-schedule)
[2020-10-19 16:25:14.954] [main] [INFO ] com.htht.ReportTest - No active profile set, falling back to default profiles: default
[2020-10-19 16:25:18.051] [main] [INFO ] o.s.d.r.config.RepositoryConfigurationDelegate - Multiple Spring Data modules found, entering strict repository configuration mode!
[2020-10-19 16:25:18.060] [main] [INFO ] o.s.d.r.config.RepositoryConfigurationDelegate - Bootstrapping Spring Data repositories in DEFAULT mode.
[2020-10-19 16:25:18.156] [main] [INFO ] o.s.d.r.config.RepositoryConfigurationDelegate - Finished Spring Data repository scanning in 56ms. Found 0 repository interfaces.
[2020-10-19 16:25:18.983] [main] [INFO ] o.a.s.o.s.l.c.elasticsearch.ElasticSearchClient - elasticsearch cluster nodes: 10.1.100.35:9200
[2020-10-19 16:25:23.796] [main] [INFO ] n.d.b.g.c.nameresolver.NameResolverRegistration - net.devh.boot.grpc.server.nameresolver.SelfNameResolverFactory@39afe59f is available -> Added to the NameResolverRegistry
[2020-10-19 16:25:24.876] [main] [INFO ] n.d.b.g.s.serverfactory.AbstractGrpcServerFactory - Registered gRPC service: CommonService, bean: commonService, class: com.piesat.common.grpc.service.CommonService
[2020-10-19 16:25:26.149] [main] [INFO ] n.d.b.g.server.serverfactory.GrpcServerLifecycle - gRPC Server started, listening on address: *, port: 11700
[2020-10-19 16:25:26.167] [main] [INFO ] com.htht.ReportTest - Started ReportTest in 12.249 seconds (JVM running for 14.337)
[2020-10-19 16:25:26.901] [main] [INFO ] io.lettuce.core.EpollProvider - Starting without optional epoll library
[2020-10-19 16:25:26.903] [main] [INFO ] io.lettuce.core.KqueueProvider - Starting without optional kqueue library
[2020-10-19 16:25:28.014] [grpc-worker-timing-pool-0] [INFO ] com.piesat.common.config.TimingConfig - ==执行服务发现线程==
[2020-10-19 16:25:28.015] [grpc-worker-timing-pool-1] [INFO ] com.piesat.common.config.TimingConfig - ==执行心跳监测线程==
[2020-10-19 16:25:28.460] [Thread-2] [INFO ] n.d.b.g.server.serverfactory.GrpcServerLifecycle - gRPC server shutdown.
[2020-10-19 16:25:28.469] [Thread-2] [INFO ] n.d.b.g.c.nameresolver.NameResolverRegistration - net.devh.boot.grpc.server.nameresolver.SelfNameResolverFactory@39afe59f was removed from the NameResolverRegistry
[2020-10-19 16:26:48.287] [main] [INFO ] com.htht.ReportTest - Starting ReportTest on DESKTOP-B511OAC with PID 22328 (started by admin in D:\gitcangku\monitor8\oap-server\server-starter-boot\server-starter-boot-schedule)
[2020-10-19 16:26:48.290] [main] [INFO ] com.htht.ReportTest - No active profile set, falling back to default profiles: default
[2020-10-19 16:26:50.963] [main] [INFO ] o.s.d.r.config.RepositoryConfigurationDelegate - Multiple Spring Data modules found, entering strict repository configuration mode!
[2020-10-19 16:26:50.972] [main] [INFO ] o.s.d.r.config.RepositoryConfigurationDelegate - Bootstrapping Spring Data repositories in DEFAULT mode.
[2020-10-19 16:26:51.073] [main] [INFO ] o.s.d.r.config.RepositoryConfigurationDelegate - Finished Spring Data repository scanning in 58ms. Found 0 repository interfaces.
[2020-10-19 16:26:51.836] [main] [INFO ] o.a.s.o.s.l.c.elasticsearch.ElasticSearchClient - elasticsearch cluster nodes: 10.1.100.35:9200
[2020-10-19 16:26:56.621] [main] [INFO ] n.d.b.g.c.nameresolver.NameResolverRegistration - net.devh.boot.grpc.server.nameresolver.SelfNameResolverFactory@311d28f5 is available -> Added to the NameResolverRegistry
[2020-10-19 16:26:57.909] [main] [INFO ] n.d.b.g.s.serverfactory.AbstractGrpcServerFactory - Registered gRPC service: CommonService, bean: commonService, class: com.piesat.common.grpc.service.CommonService
[2020-10-19 16:26:59.240] [main] [INFO ] n.d.b.g.server.serverfactory.GrpcServerLifecycle - gRPC Server started, listening on address: *, port: 11700
[2020-10-19 16:26:59.254] [main] [INFO ] com.htht.ReportTest - Started ReportTest in 12.273 seconds (JVM running for 14.546)
[2020-10-19 16:26:59.939] [main] [INFO ] io.lettuce.core.EpollProvider - Starting without optional epoll library
[2020-10-19 16:26:59.942] [main] [INFO ] io.lettuce.core.KqueueProvider - Starting without optional kqueue library
[2020-10-19 16:27:01.252] [grpc-worker-timing-pool-0] [INFO ] com.piesat.common.config.TimingConfig - ==执行服务发现线程==
[2020-10-19 16:27:01.253] [grpc-worker-timing-pool-1] [INFO ] com.piesat.common.config.TimingConfig - ==执行心跳监测线程==
[2020-10-19 16:27:01.662] [Thread-2] [INFO ] n.d.b.g.server.serverfactory.GrpcServerLifecycle - gRPC server shutdown.
[2020-10-19 16:27:01.669] [Thread-2] [INFO ] n.d.b.g.c.nameresolver.NameResolverRegistration - net.devh.boot.grpc.server.nameresolver.SelfNameResolverFactory@311d28f5 was removed from the NameResolverRegistry
[2020-10-19 16:27:27.198] [main] [INFO ] com.htht.ReportTest - Starting ReportTest on DESKTOP-B511OAC with PID 20720 (started by admin in D:\gitcangku\monitor8\oap-server\server-starter-boot\server-starter-boot-schedule)
[2020-10-19 16:27:27.200] [main] [INFO ] com.htht.ReportTest - No active profile set, falling back to default profiles: default
[2020-10-19 16:27:30.254] [main] [INFO ] o.s.d.r.config.RepositoryConfigurationDelegate - Multiple Spring Data modules found, entering strict repository configuration mode!
[2020-10-19 16:27:30.262] [main] [INFO ] o.s.d.r.config.RepositoryConfigurationDelegate - Bootstrapping Spring Data repositories in DEFAULT mode.
[2020-10-19 16:27:30.377] [main] [INFO ] o.s.d.r.config.RepositoryConfigurationDelegate - Finished Spring Data repository scanning in 72ms. Found 0 repository interfaces.
[2020-10-19 16:27:31.311] [main] [INFO ] o.a.s.o.s.l.c.elasticsearch.ElasticSearchClient - elasticsearch cluster nodes: 10.1.100.35:9200
[2020-10-19 16:27:56.579] [main] [INFO ] n.d.b.g.c.nameresolver.NameResolverRegistration - net.devh.boot.grpc.server.nameresolver.SelfNameResolverFactory@31533eb1 is available -> Added to the NameResolverRegistry
[2020-10-19 16:27:57.661] [main] [INFO ] n.d.b.g.s.serverfactory.AbstractGrpcServerFactory - Registered gRPC service: CommonService, bean: commonService, class: com.piesat.common.grpc.service.CommonService
[2020-10-19 16:27:59.182] [main] [INFO ] n.d.b.g.server.serverfactory.GrpcServerLifecycle - gRPC Server started, listening on address: *, port: 11700
[2020-10-19 16:27:59.205] [main] [INFO ] com.htht.ReportTest - Started ReportTest in 33.401 seconds (JVM running for 35.647)
[2020-10-19 16:28:00.057] [main] [INFO ] io.lettuce.core.EpollProvider - Starting without optional epoll library
[2020-10-19 16:28:00.061] [main] [INFO ] io.lettuce.core.KqueueProvider - Starting without optional kqueue library
[2020-10-19 16:28:01.371] [grpc-worker-timing-pool-0] [INFO ] com.piesat.common.config.TimingConfig - ==执行服务发现线程==
[2020-10-19 16:28:01.372] [grpc-worker-timing-pool-1] [INFO ] com.piesat.common.config.TimingConfig - ==执行心跳监测线程==
[2020-10-19 16:28:42.710] [Thread-2] [INFO ] n.d.b.g.server.serverfactory.GrpcServerLifecycle - gRPC server shutdown.
[2020-10-19 16:28:42.723] [Thread-2] [INFO ] n.d.b.g.c.nameresolver.NameResolverRegistration - net.devh.boot.grpc.server.nameresolver.SelfNameResolverFactory@31533eb1 was removed from the NameResolverRegistry
[2020-10-19 16:28:42.846] [grpc-worker-timing-pool-0] [INFO ] com.piesat.common.config.TimingConfig - grpc服务发现定时线程异常
[2020-10-19 16:29:57.663] [main] [INFO ] com.htht.ReportTest - Starting ReportTest on DESKTOP-B511OAC with PID 16268 (started by admin in D:\gitcangku\monitor8\oap-server\server-starter-boot\server-starter-boot-schedule)
[2020-10-19 16:29:57.666] [main] [INFO ] com.htht.ReportTest - No active profile set, falling back to default profiles: default
[2020-10-19 16:30:01.017] [main] [INFO ] o.s.d.r.config.RepositoryConfigurationDelegate - Multiple Spring Data modules found, entering strict repository configuration mode!
[2020-10-19 16:30:01.028] [main] [INFO ] o.s.d.r.config.RepositoryConfigurationDelegate - Bootstrapping Spring Data repositories in DEFAULT mode.
[2020-10-19 16:30:01.171] [main] [INFO ] o.s.d.r.config.RepositoryConfigurationDelegate - Finished Spring Data repository scanning in 88ms. Found 0 repository interfaces.
[2020-10-19 16:30:02.340] [main] [INFO ] o.a.s.o.s.l.c.elasticsearch.ElasticSearchClient - elasticsearch cluster nodes: 10.1.100.35:9200
[2020-10-19 16:30:08.503] [main] [INFO ] n.d.b.g.c.nameresolver.NameResolverRegistration - net.devh.boot.grpc.server.nameresolver.SelfNameResolverFactory@44a14de0 is available -> Added to the NameResolverRegistry
[2020-10-19 16:30:09.882] [main] [INFO ] n.d.b.g.s.serverfactory.AbstractGrpcServerFactory - Registered gRPC service: CommonService, bean: commonService, class: com.piesat.common.grpc.service.CommonService
[2020-10-19 16:30:12.033] [main] [INFO ] n.d.b.g.server.serverfactory.GrpcServerLifecycle - gRPC Server started, listening on address: *, port: 11700
[2020-10-19 16:30:12.055] [main] [INFO ] com.htht.ReportTest - Started ReportTest in 16.278 seconds (JVM running for 19.106)
[2020-10-19 16:30:13.313] [main] [INFO ] io.lettuce.core.EpollProvider - Starting without optional epoll library
[2020-10-19 16:30:13.315] [main] [INFO ] io.lettuce.core.KqueueProvider - Starting without optional kqueue library
[2020-10-19 16:30:14.957] [grpc-worker-timing-pool-0] [INFO ] com.piesat.common.config.TimingConfig - ==执行服务发现线程==
[2020-10-19 16:30:14.958] [grpc-worker-timing-pool-1] [INFO ] com.piesat.common.config.TimingConfig - ==执行心跳监测线程==
[2020-10-19 16:30:15.379] [Thread-2] [INFO ] n.d.b.g.server.serverfactory.GrpcServerLifecycle - gRPC server shutdown.
[2020-10-19 16:30:15.386] [Thread-2] [INFO ] n.d.b.g.c.nameresolver.NameResolverRegistration - net.devh.boot.grpc.server.nameresolver.SelfNameResolverFactory@44a14de0 was removed from the NameResolverRegistry
[2020-10-19 16:36:12.315] [main] [INFO ] com.htht.ReportTest - Starting ReportTest on DESKTOP-B511OAC with PID 12492 (started by admin in D:\gitcangku\monitor8\oap-server\server-starter-boot\server-starter-boot-schedule)
[2020-10-19 16:36:12.318] [main] [INFO ] com.htht.ReportTest - No active profile set, falling back to default profiles: default
[2020-10-19 16:36:15.307] [main] [INFO ] o.s.d.r.config.RepositoryConfigurationDelegate - Multiple Spring Data modules found, entering strict repository configuration mode!
[2020-10-19 16:36:15.318] [main] [INFO ] o.s.d.r.config.RepositoryConfigurationDelegate - Bootstrapping Spring Data repositories in DEFAULT mode.
[2020-10-19 16:36:15.428] [main] [INFO ] o.s.d.r.config.RepositoryConfigurationDelegate - Finished Spring Data repository scanning in 66ms. Found 0 repository interfaces.
[2020-10-19 16:36:16.157] [main] [INFO ] o.a.s.o.s.l.c.elasticsearch.ElasticSearchClient - elasticsearch cluster nodes: 10.1.100.35:9200
[2020-10-19 16:36:45.548] [main] [INFO ] n.d.b.g.c.nameresolver.NameResolverRegistration - net.devh.boot.grpc.server.nameresolver.SelfNameResolverFactory@22361e23 is available -> Added to the NameResolverRegistry
[2020-10-19 16:36:46.731] [main] [INFO ] n.d.b.g.s.serverfactory.AbstractGrpcServerFactory - Registered gRPC service: CommonService, bean: commonService, class: com.piesat.common.grpc.service.CommonService
[2020-10-19 16:36:48.019] [main] [INFO ] n.d.b.g.server.serverfactory.GrpcServerLifecycle - gRPC Server started, listening on address: *, port: 11700
[2020-10-19 16:36:48.038] [main] [INFO ] com.htht.ReportTest - Started ReportTest in 37.129 seconds (JVM running for 39.166)
[2020-10-19 16:36:49.091] [main] [INFO ] io.lettuce.core.EpollProvider - Starting without optional epoll library
[2020-10-19 16:36:49.095] [main] [INFO ] io.lettuce.core.KqueueProvider - Starting without optional kqueue library
[2020-10-19 16:36:50.426] [grpc-worker-timing-pool-0] [INFO ] com.piesat.common.config.TimingConfig - ==执行服务发现线程==
[2020-10-19 16:36:50.426] [grpc-worker-timing-pool-1] [INFO ] com.piesat.common.config.TimingConfig - ==执行心跳监测线程==
[2020-10-19 16:38:21.232] [grpc-worker-timing-pool-0] [INFO ] com.piesat.common.config.TimingConfig - ==执行服务发现线程==
[2020-10-19 16:38:21.233] [grpc-worker-timing-pool-1] [INFO ] com.piesat.common.config.TimingConfig - ==执行心跳监测线程==
[2020-10-19 16:38:21.283] [Thread-2] [INFO ] n.d.b.g.server.serverfactory.GrpcServerLifecycle - gRPC server shutdown.
[2020-10-19 16:38:21.293] [Thread-2] [INFO ] n.d.b.g.c.nameresolver.NameResolverRegistration - net.devh.boot.grpc.server.nameresolver.SelfNameResolverFactory@22361e23 was removed from the NameResolverRegistry
[2020-10-19 16:38:33.653] [main] [INFO ] com.htht.ReportTest - Starting ReportTest on DESKTOP-B511OAC with PID 22096 (started by admin in D:\gitcangku\monitor8\oap-server\server-starter-boot\server-starter-boot-schedule)
[2020-10-19 16:38:33.656] [main] [INFO ] com.htht.ReportTest - No active profile set, falling back to default profiles: default
[2020-10-19 16:38:36.729] [main] [INFO ] o.s.d.r.config.RepositoryConfigurationDelegate - Multiple Spring Data modules found, entering strict repository configuration mode!
[2020-10-19 16:38:36.741] [main] [INFO ] o.s.d.r.config.RepositoryConfigurationDelegate - Bootstrapping Spring Data repositories in DEFAULT mode.
[2020-10-19 16:38:36.836] [main] [INFO ] o.s.d.r.config.RepositoryConfigurationDelegate - Finished Spring Data repository scanning in 54ms. Found 0 repository interfaces.
[2020-10-19 16:38:37.773] [main] [INFO ] o.a.s.o.s.l.c.elasticsearch.ElasticSearchClient - elasticsearch cluster nodes: 10.1.100.35:9200
[2020-10-19 16:38:42.452] [main] [INFO ] n.d.b.g.c.nameresolver.NameResolverRegistration - net.devh.boot.grpc.server.nameresolver.SelfNameResolverFactory@3199a202 is available -> Added to the NameResolverRegistry
[2020-10-19 16:38:43.649] [main] [INFO ] n.d.b.g.s.serverfactory.AbstractGrpcServerFactory - Registered gRPC service: CommonService, bean: commonService, class: com.piesat.common.grpc.service.CommonService
[2020-10-19 16:38:45.211] [main] [INFO ] n.d.b.g.server.serverfactory.GrpcServerLifecycle - gRPC Server started, listening on address: *, port: 11700
[2020-10-19 16:38:45.226] [main] [INFO ] com.htht.ReportTest - Started ReportTest in 12.952 seconds (JVM running for 15.061)
[2020-10-19 16:38:45.937] [main] [INFO ] io.lettuce.core.EpollProvider - Starting without optional epoll library
[2020-10-19 16:38:45.940] [main] [INFO ] io.lettuce.core.KqueueProvider - Starting without optional kqueue library
[2020-10-19 16:38:47.125] [grpc-worker-timing-pool-0] [INFO ] com.piesat.common.config.TimingConfig - ==执行服务发现线程==
[2020-10-19 16:38:47.125] [grpc-worker-timing-pool-1] [INFO ] com.piesat.common.config.TimingConfig - ==执行心跳监测线程==
[2020-10-19 16:40:14.386] [grpc-worker-timing-pool-1] [INFO ] com.piesat.common.config.TimingConfig - ==执行心跳监测线程==
[2020-10-19 16:40:14.440] [Thread-2] [INFO ] n.d.b.g.server.serverfactory.GrpcServerLifecycle - gRPC server shutdown.
[2020-10-19 16:40:14.456] [Thread-2] [INFO ] n.d.b.g.c.nameresolver.NameResolverRegistration - net.devh.boot.grpc.server.nameresolver.SelfNameResolverFactory@3199a202 was removed from the NameResolverRegistry
[2020-10-19 16:40:14.592] [grpc-worker-timing-pool-0] [INFO ] com.piesat.common.config.TimingConfig - grpc服务发现定时线程异常
[2020-10-19 16:43:05.695] [main] [INFO ] com.htht.ReportTest - Starting ReportTest on DESKTOP-B511OAC with PID 21364 (started by admin in D:\gitcangku\monitor8\oap-server\server-starter-boot\server-starter-boot-schedule)
[2020-10-19 16:43:05.699] [main] [INFO ] com.htht.ReportTest - No active profile set, falling back to default profiles: default
[2020-10-19 16:43:08.638] [main] [INFO ] o.s.d.r.config.RepositoryConfigurationDelegate - Multiple Spring Data modules found, entering strict repository configuration mode!
[2020-10-19 16:43:08.649] [main] [INFO ] o.s.d.r.config.RepositoryConfigurationDelegate - Bootstrapping Spring Data repositories in DEFAULT mode.
[2020-10-19 16:43:08.754] [main] [INFO ] o.s.d.r.config.RepositoryConfigurationDelegate - Finished Spring Data repository scanning in 61ms. Found 0 repository interfaces.
[2020-10-19 16:43:09.635] [main] [INFO ] o.a.s.o.s.l.c.elasticsearch.ElasticSearchClient - elasticsearch cluster nodes: 10.1.100.35:9200
[2020-10-19 16:43:14.637] [main] [INFO ] n.d.b.g.c.nameresolver.NameResolverRegistration - net.devh.boot.grpc.server.nameresolver.SelfNameResolverFactory@42dd7d82 is available -> Added to the NameResolverRegistry
[2020-10-19 16:43:15.771] [main] [INFO ] n.d.b.g.s.serverfactory.AbstractGrpcServerFactory - Registered gRPC service: CommonService, bean: commonService, class: com.piesat.common.grpc.service.CommonService
[2020-10-19 16:43:17.123] [main] [INFO ] n.d.b.g.server.serverfactory.GrpcServerLifecycle - gRPC Server started, listening on address: *, port: 11700
[2020-10-19 16:43:17.135] [main] [INFO ] com.htht.ReportTest - Started ReportTest in 13.069 seconds (JVM running for 15.486)
[2020-10-19 16:43:17.791] [main] [INFO ] io.lettuce.core.EpollProvider - Starting without optional epoll library
[2020-10-19 16:43:17.793] [main] [INFO ] io.lettuce.core.KqueueProvider - Starting without optional kqueue library
[2020-10-19 16:43:18.930] [grpc-worker-timing-pool-0] [INFO ] com.piesat.common.config.TimingConfig - ==执行服务发现线程==
[2020-10-19 16:43:18.931] [grpc-worker-timing-pool-1] [INFO ] com.piesat.common.config.TimingConfig - ==执行心跳监测线程==
[2020-10-19 16:45:17.373] [grpc-worker-timing-pool-1] [INFO ] com.piesat.common.config.TimingConfig - ==执行心跳监测线程==
[2020-10-19 16:48:18.064] [Thread-2] [INFO ] n.d.b.g.server.serverfactory.GrpcServerLifecycle - gRPC server shutdown.
[2020-10-19 16:48:18.075] [Thread-2] [INFO ] n.d.b.g.c.nameresolver.NameResolverRegistration - net.devh.boot.grpc.server.nameresolver.SelfNameResolverFactory@42dd7d82 was removed from the NameResolverRegistry
[2020-10-19 16:48:18.209] [grpc-worker-timing-pool-0] [INFO ] com.piesat.common.config.TimingConfig - grpc服务发现定时线程异常
[2020-10-19 16:50:41.200] [main] [INFO ] com.htht.ReportTest - Starting ReportTest on DESKTOP-B511OAC with PID 16704 (started by admin in D:\gitcangku\monitor8\oap-server\server-starter-boot\server-starter-boot-schedule)
[2020-10-19 16:50:41.203] [main] [INFO ] com.htht.ReportTest - No active profile set, falling back to default profiles: default
[2020-10-19 16:50:44.599] [main] [INFO ] o.s.d.r.config.RepositoryConfigurationDelegate - Multiple Spring Data modules found, entering strict repository configuration mode!
[2020-10-19 16:50:44.609] [main] [INFO ] o.s.d.r.config.RepositoryConfigurationDelegate - Bootstrapping Spring Data repositories in DEFAULT mode.
[2020-10-19 16:50:44.709] [main] [INFO ] o.s.d.r.config.RepositoryConfigurationDelegate - Finished Spring Data repository scanning in 55ms. Found 0 repository interfaces.
[2020-10-19 16:50:45.662] [main] [INFO ] o.a.s.o.s.l.c.elasticsearch.ElasticSearchClient - elasticsearch cluster nodes: 10.1.100.35:9200
[2020-10-19 16:50:51.353] [main] [INFO ] n.d.b.g.c.nameresolver.NameResolverRegistration - net.devh.boot.grpc.server.nameresolver.SelfNameResolverFactory@13374ca6 is available -> Added to the NameResolverRegistry
[2020-10-19 16:50:52.853] [main] [INFO ] n.d.b.g.s.serverfactory.AbstractGrpcServerFactory - Registered gRPC service: CommonService, bean: commonService, class: com.piesat.common.grpc.service.CommonService
[2020-10-19 16:50:54.395] [main] [INFO ] n.d.b.g.server.serverfactory.GrpcServerLifecycle - gRPC Server started, listening on address: *, port: 11700
[2020-10-19 16:50:54.410] [main] [INFO ] com.htht.ReportTest - Started ReportTest in 14.702 seconds (JVM running for 16.979)
[2020-10-19 16:50:55.037] [main] [INFO ] io.lettuce.core.EpollProvider - Starting without optional epoll library
[2020-10-19 16:50:55.039] [main] [INFO ] io.lettuce.core.KqueueProvider - Starting without optional kqueue library
[2020-10-19 16:50:56.291] [grpc-worker-timing-pool-0] [INFO ] com.piesat.common.config.TimingConfig - ==执行服务发现线程==
[2020-10-19 16:50:56.292] [grpc-worker-timing-pool-1] [INFO ] com.piesat.common.config.TimingConfig - ==执行心跳监测线程==
[2020-10-19 16:51:59.506] [grpc-worker-timing-pool-1] [INFO ] com.piesat.common.config.TimingConfig - ==执行心跳监测线程==
[2020-10-19 16:51:59.531] [Thread-2] [INFO ] n.d.b.g.server.serverfactory.GrpcServerLifecycle - gRPC server shutdown.
[2020-10-19 16:51:59.546] [Thread-2] [INFO ] n.d.b.g.c.nameresolver.NameResolverRegistration - net.devh.boot.grpc.server.nameresolver.SelfNameResolverFactory@13374ca6 was removed from the NameResolverRegistry
[2020-10-19 16:51:59.667] [grpc-worker-timing-pool-0] [INFO ] com.piesat.common.config.TimingConfig - grpc服务发现定时线程异常
[2020-10-19 16:52:11.315] [main] [INFO ] com.htht.ReportTest - Starting ReportTest on DESKTOP-B511OAC with PID 11056 (started by admin in D:\gitcangku\monitor8\oap-server\server-starter-boot\server-starter-boot-schedule)
[2020-10-19 16:52:11.318] [main] [INFO ] com.htht.ReportTest - No active profile set, falling back to default profiles: default
[2020-10-19 16:52:14.435] [main] [INFO ] o.s.d.r.config.RepositoryConfigurationDelegate - Multiple Spring Data modules found, entering strict repository configuration mode!
[2020-10-19 16:52:14.450] [main] [INFO ] o.s.d.r.config.RepositoryConfigurationDelegate - Bootstrapping Spring Data repositories in DEFAULT mode.
[2020-10-19 16:52:14.568] [main] [INFO ] o.s.d.r.config.RepositoryConfigurationDelegate - Finished Spring Data repository scanning in 71ms. Found 0 repository interfaces.
[2020-10-19 16:52:15.463] [main] [INFO ] o.a.s.o.s.l.c.elasticsearch.ElasticSearchClient - elasticsearch cluster nodes: 10.1.100.35:9200
[2020-10-19 16:52:21.000] [main] [INFO ] n.d.b.g.c.nameresolver.NameResolverRegistration - net.devh.boot.grpc.server.nameresolver.SelfNameResolverFactory@7a78d380 is available -> Added to the NameResolverRegistry
[2020-10-19 16:52:22.297] [main] [INFO ] n.d.b.g.s.serverfactory.AbstractGrpcServerFactory - Registered gRPC service: CommonService, bean: commonService, class: com.piesat.common.grpc.service.CommonService
[2020-10-19 16:52:23.517] [main] [INFO ] n.d.b.g.server.serverfactory.GrpcServerLifecycle - gRPC Server started, listening on address: *, port: 11700
[2020-10-19 16:52:23.529] [main] [INFO ] com.htht.ReportTest - Started ReportTest in 13.649 seconds (JVM running for 15.808)
[2020-10-19 16:52:24.309] [main] [INFO ] io.lettuce.core.EpollProvider - Starting without optional epoll library
[2020-10-19 16:52:24.311] [main] [INFO ] io.lettuce.core.KqueueProvider - Starting without optional kqueue library
[2020-10-19 16:52:25.621] [grpc-worker-timing-pool-0] [INFO ] com.piesat.common.config.TimingConfig - ==执行服务发现线程==
[2020-10-19 16:52:25.621] [grpc-worker-timing-pool-1] [INFO ] com.piesat.common.config.TimingConfig - ==执行心跳监测线程==
[2020-10-19 16:54:03.891] [grpc-worker-timing-pool-1] [INFO ] com.piesat.common.config.TimingConfig - ==执行心跳监测线程==
[2020-10-19 16:54:03.939] [Thread-2] [INFO ] n.d.b.g.server.serverfactory.GrpcServerLifecycle - gRPC server shutdown.
[2020-10-19 16:54:03.964] [Thread-2] [INFO ] n.d.b.g.c.nameresolver.NameResolverRegistration - net.devh.boot.grpc.server.nameresolver.SelfNameResolverFactory@7a78d380 was removed from the NameResolverRegistry
[2020-10-19 16:54:14.496] [main] [INFO ] com.htht.ReportTest - Starting ReportTest on DESKTOP-B511OAC with PID 4788 (started by admin in D:\gitcangku\monitor8\oap-server\server-starter-boot\server-starter-boot-schedule)
[2020-10-19 16:54:14.499] [main] [INFO ] com.htht.ReportTest - No active profile set, falling back to default profiles: default
[2020-10-19 16:54:17.091] [main] [INFO ] o.s.d.r.config.RepositoryConfigurationDelegate - Multiple Spring Data modules found, entering strict repository configuration mode!
[2020-10-19 16:54:17.111] [main] [INFO ] o.s.d.r.config.RepositoryConfigurationDelegate - Bootstrapping Spring Data repositories in DEFAULT mode.
[2020-10-19 16:54:17.204] [main] [INFO ] o.s.d.r.config.RepositoryConfigurationDelegate - Finished Spring Data repository scanning in 55ms. Found 0 repository interfaces.
[2020-10-19 16:54:17.958] [main] [INFO ] o.a.s.o.s.l.c.elasticsearch.ElasticSearchClient - elasticsearch cluster nodes: 10.1.100.35:9200
[2020-10-19 16:54:23.156] [main] [INFO ] n.d.b.g.c.nameresolver.NameResolverRegistration - net.devh.boot.grpc.server.nameresolver.SelfNameResolverFactory@17ae13d5 is available -> Added to the NameResolverRegistry
[2020-10-19 16:54:24.557] [main] [INFO ] n.d.b.g.s.serverfactory.AbstractGrpcServerFactory - Registered gRPC service: CommonService, bean: commonService, class: com.piesat.common.grpc.service.CommonService
[2020-10-19 16:54:26.064] [main] [INFO ] n.d.b.g.server.serverfactory.GrpcServerLifecycle - gRPC Server started, listening on address: *, port: 11700
[2020-10-19 16:54:26.082] [main] [INFO ] com.htht.ReportTest - Started ReportTest in 12.879 seconds (JVM running for 15.008)
[2020-10-19 16:54:26.899] [main] [INFO ] io.lettuce.core.EpollProvider - Starting without optional epoll library
[2020-10-19 16:54:26.906] [main] [INFO ] io.lettuce.core.KqueueProvider - Starting without optional kqueue library
[2020-10-19 16:54:28.228] [grpc-worker-timing-pool-0] [INFO ] com.piesat.common.config.TimingConfig - ==执行服务发现线程==
[2020-10-19 16:54:28.229] [grpc-worker-timing-pool-1] [INFO ] com.piesat.common.config.TimingConfig - ==执行心跳监测线程==
[2020-10-19 16:58:48.728] [grpc-worker-timing-pool-1] [INFO ] com.piesat.common.config.TimingConfig - ==执行心跳监测线程==
[2020-10-19 16:58:48.750] [Thread-2] [INFO ] n.d.b.g.server.serverfactory.GrpcServerLifecycle - gRPC server shutdown.
[2020-10-19 16:58:48.761] [Thread-2] [INFO ] n.d.b.g.c.nameresolver.NameResolverRegistration - net.devh.boot.grpc.server.nameresolver.SelfNameResolverFactory@17ae13d5 was removed from the NameResolverRegistry
[2020-10-19 16:58:48.893] [grpc-worker-timing-pool-0] [INFO ] com.piesat.common.config.TimingConfig - grpc服务发现定时线程异常
[2020-10-19 17:06:11.239] [main] [INFO ] com.htht.ReportTest - Starting ReportTest on DESKTOP-B511OAC with PID 5096 (started by admin in D:\gitcangku\monitor8\oap-server\server-starter-boot\server-starter-boot-schedule)
[2020-10-19 17:06:11.242] [main] [INFO ] com.htht.ReportTest - No active profile set, falling back to default profiles: default
[2020-10-19 17:06:14.112] [main] [INFO ] o.s.d.r.config.RepositoryConfigurationDelegate - Multiple Spring Data modules found, entering strict repository configuration mode!
[2020-10-19 17:06:14.125] [main] [INFO ] o.s.d.r.config.RepositoryConfigurationDelegate - Bootstrapping Spring Data repositories in DEFAULT mode.
[2020-10-19 17:06:14.241] [main] [INFO ] o.s.d.r.config.RepositoryConfigurationDelegate - Finished Spring Data repository scanning in 75ms. Found 0 repository interfaces.
[2020-10-19 17:06:14.954] [main] [INFO ] o.a.s.o.s.l.c.elasticsearch.ElasticSearchClient - elasticsearch cluster nodes: 10.1.100.35:9200
[2020-10-19 17:06:20.107] [main] [INFO ] n.d.b.g.c.nameresolver.NameResolverRegistration - net.devh.boot.grpc.server.nameresolver.SelfNameResolverFactory@690ed13a is available -> Added to the NameResolverRegistry
[2020-10-19 17:06:21.354] [main] [INFO ] n.d.b.g.s.serverfactory.AbstractGrpcServerFactory - Registered gRPC service: CommonService, bean: commonService, class: com.piesat.common.grpc.service.CommonService
[2020-10-19 17:06:23.195] [main] [INFO ] n.d.b.g.server.serverfactory.GrpcServerLifecycle - gRPC Server started, listening on address: *, port: 11700
[2020-10-19 17:06:23.223] [main] [INFO ] com.htht.ReportTest - Started ReportTest in 13.648 seconds (JVM running for 15.966)
[2020-10-19 17:06:23.953] [main] [INFO ] io.lettuce.core.EpollProvider - Starting without optional epoll library
[2020-10-19 17:06:23.956] [main] [INFO ] io.lettuce.core.KqueueProvider - Starting without optional kqueue library
[2020-10-19 17:06:25.118] [grpc-worker-timing-pool-0] [INFO ] com.piesat.common.config.TimingConfig - ==执行服务发现线程==
[2020-10-19 17:06:25.119] [grpc-worker-timing-pool-1] [INFO ] com.piesat.common.config.TimingConfig - ==执行心跳监测线程==
[2020-10-19 17:06:43.229] [Thread-2] [INFO ] n.d.b.g.server.serverfactory.GrpcServerLifecycle - gRPC server shutdown.
[2020-10-19 17:06:43.238] [Thread-2] [INFO ] n.d.b.g.c.nameresolver.NameResolverRegistration - net.devh.boot.grpc.server.nameresolver.SelfNameResolverFactory@690ed13a was removed from the NameResolverRegistry
[2020-10-19 17:06:43.364] [grpc-worker-timing-pool-0] [INFO ] com.piesat.common.config.TimingConfig - grpc服务发现定时线程异常
[2020-10-19 17:07:37.878] [main] [INFO ] com.htht.ReportTest - Starting ReportTest on DESKTOP-B511OAC with PID 18308 (started by admin in D:\gitcangku\monitor8\oap-server\server-starter-boot\server-starter-boot-schedule)
[2020-10-19 17:07:37.881] [main] [INFO ] com.htht.ReportTest - No active profile set, falling back to default profiles: default
[2020-10-19 17:07:41.091] [main] [INFO ] o.s.d.r.config.RepositoryConfigurationDelegate - Multiple Spring Data modules found, entering strict repository configuration mode!
[2020-10-19 17:07:41.103] [main] [INFO ] o.s.d.r.config.RepositoryConfigurationDelegate - Bootstrapping Spring Data repositories in DEFAULT mode.
[2020-10-19 17:07:41.217] [main] [INFO ] o.s.d.r.config.RepositoryConfigurationDelegate - Finished Spring Data repository scanning in 67ms. Found 0 repository interfaces.
[2020-10-19 17:07:42.273] [main] [INFO ] o.a.s.o.s.l.c.elasticsearch.ElasticSearchClient - elasticsearch cluster nodes: 10.1.100.35:9200
[2020-10-19 17:07:47.005] [main] [INFO ] n.d.b.g.c.nameresolver.NameResolverRegistration - net.devh.boot.grpc.server.nameresolver.SelfNameResolverFactory@4fafd27e is available -> Added to the NameResolverRegistry
[2020-10-19 17:07:48.017] [main] [INFO ] n.d.b.g.s.serverfactory.AbstractGrpcServerFactory - Registered gRPC service: CommonService, bean: commonService, class: com.piesat.common.grpc.service.CommonService
[2020-10-19 17:07:49.335] [main] [INFO ] n.d.b.g.server.serverfactory.GrpcServerLifecycle - gRPC Server started, listening on address: *, port: 11700
[2020-10-19 17:07:49.356] [main] [INFO ] com.htht.ReportTest - Started ReportTest in 12.396 seconds (JVM running for 15.103)
[2020-10-19 17:07:50.461] [main] [INFO ] io.lettuce.core.EpollProvider - Starting without optional epoll library
[2020-10-19 17:07:50.466] [main] [INFO ] io.lettuce.core.KqueueProvider - Starting without optional kqueue library
[2020-10-19 17:07:52.284] [grpc-worker-timing-pool-0] [INFO ] com.piesat.common.config.TimingConfig - ==执行服务发现线程==
[2020-10-19 17:07:52.284] [grpc-worker-timing-pool-1] [INFO ] com.piesat.common.config.TimingConfig - ==执行心跳监测线程==
[2020-10-19 17:08:26.152] [grpc-worker-timing-pool-0] [INFO ] com.piesat.common.config.TimingConfig - ==执行服务发现线程==
[2020-10-19 17:08:26.189] [Thread-2] [INFO ] n.d.b.g.server.serverfactory.GrpcServerLifecycle - gRPC server shutdown.
[2020-10-19 17:08:26.201] [Thread-2] [INFO ] n.d.b.g.c.nameresolver.NameResolverRegistration - net.devh.boot.grpc.server.nameresolver.SelfNameResolverFactory@4fafd27e was removed from the NameResolverRegistry
[2020-10-19 17:09:08.879] [main] [INFO ] com.htht.ReportTest - Starting ReportTest on DESKTOP-B511OAC with PID 18812 (started by admin in D:\gitcangku\monitor8\oap-server\server-starter-boot\server-starter-boot-schedule)
[2020-10-19 17:09:08.882] [main] [INFO ] com.htht.ReportTest - No active profile set, falling back to default profiles: default
[2020-10-19 17:09:12.172] [main] [INFO ] o.s.d.r.config.RepositoryConfigurationDelegate - Multiple Spring Data modules found, entering strict repository configuration mode!
[2020-10-19 17:09:12.183] [main] [INFO ] o.s.d.r.config.RepositoryConfigurationDelegate - Bootstrapping Spring Data repositories in DEFAULT mode.
[2020-10-19 17:09:12.286] [main] [INFO ] o.s.d.r.config.RepositoryConfigurationDelegate - Finished Spring Data repository scanning in 60ms. Found 0 repository interfaces.
[2020-10-19 17:09:13.188] [main] [INFO ] o.a.s.o.s.l.c.elasticsearch.ElasticSearchClient - elasticsearch cluster nodes: 10.1.100.35:9200
[2020-10-19 17:09:17.644] [main] [INFO ] n.d.b.g.c.nameresolver.NameResolverRegistration - net.devh.boot.grpc.server.nameresolver.SelfNameResolverFactory@2676d96a is available -> Added to the NameResolverRegistry
[2020-10-19 17:09:18.704] [main] [INFO ] n.d.b.g.s.serverfactory.AbstractGrpcServerFactory - Registered gRPC service: CommonService, bean: commonService, class: com.piesat.common.grpc.service.CommonService
[2020-10-19 17:09:20.010] [main] [INFO ] n.d.b.g.server.serverfactory.GrpcServerLifecycle - gRPC Server started, listening on address: *, port: 11700
[2020-10-19 17:09:20.022] [main] [INFO ] com.htht.ReportTest - Started ReportTest in 12.601 seconds (JVM running for 14.774)
[2020-10-19 17:09:20.626] [main] [INFO ] io.lettuce.core.EpollProvider - Starting without optional epoll library
[2020-10-19 17:09:20.628] [main] [INFO ] io.lettuce.core.KqueueProvider - Starting without optional kqueue library
[2020-10-19 17:09:21.749] [grpc-worker-timing-pool-0] [INFO ] com.piesat.common.config.TimingConfig - ==执行服务发现线程==
[2020-10-19 17:09:21.749] [grpc-worker-timing-pool-1] [INFO ] com.piesat.common.config.TimingConfig - ==执行心跳监测线程==
[2020-10-19 17:09:35.989] [Thread-2] [INFO ] n.d.b.g.server.serverfactory.GrpcServerLifecycle - gRPC server shutdown.
[2020-10-19 17:09:35.999] [Thread-2] [INFO ] n.d.b.g.c.nameresolver.NameResolverRegistration - net.devh.boot.grpc.server.nameresolver.SelfNameResolverFactory@2676d96a was removed from the NameResolverRegistry
[2020-10-19 17:09:36.126] [grpc-worker-timing-pool-0] [INFO ] com.piesat.common.config.TimingConfig - grpc服务发现定时线程异常
[2020-10-19 17:42:36.586] [main] [INFO ] com.htht.ReportTest - Starting ReportTest on DESKTOP-B511OAC with PID 19084 (started by admin in D:\gitcangku\monitor8\oap-server\server-starter-boot\server-starter-boot-schedule)
[2020-10-19 17:42:36.589] [main] [INFO ] com.htht.ReportTest - No active profile set, falling back to default profiles: default
[2020-10-19 17:42:39.729] [main] [INFO ] o.s.d.r.config.RepositoryConfigurationDelegate - Multiple Spring Data modules found, entering strict repository configuration mode!
[2020-10-19 17:42:39.738] [main] [INFO ] o.s.d.r.config.RepositoryConfigurationDelegate - Bootstrapping Spring Data repositories in DEFAULT mode.
[2020-10-19 17:42:39.862] [main] [INFO ] o.s.d.r.config.RepositoryConfigurationDelegate - Finished Spring Data repository scanning in 79ms. Found 0 repository interfaces.
[2020-10-19 17:42:40.785] [main] [INFO ] o.a.s.o.s.l.c.elasticsearch.ElasticSearchClient - elasticsearch cluster nodes: 10.1.100.35:9200
[2020-10-19 17:42:46.515] [main] [INFO ] n.d.b.g.c.nameresolver.NameResolverRegistration - net.devh.boot.grpc.server.nameresolver.SelfNameResolverFactory@6da646b8 is available -> Added to the NameResolverRegistry
[2020-10-19 17:42:47.528] [main] [INFO ] n.d.b.g.s.serverfactory.AbstractGrpcServerFactory - Registered gRPC service: CommonService, bean: commonService, class: com.piesat.common.grpc.service.CommonService
[2020-10-19 17:42:48.727] [main] [INFO ] n.d.b.g.server.serverfactory.GrpcServerLifecycle - gRPC Server started, listening on address: *, port: 11700
[2020-10-19 17:42:48.743] [main] [INFO ] com.htht.ReportTest - Started ReportTest in 13.173 seconds (JVM running for 15.467)
[2020-10-19 17:42:49.368] [main] [INFO ] io.lettuce.core.EpollProvider - Starting without optional epoll library
[2020-10-19 17:42:49.372] [main] [INFO ] io.lettuce.core.KqueueProvider - Starting without optional kqueue library
[2020-10-19 17:42:50.484] [grpc-worker-timing-pool-0] [INFO ] com.piesat.common.config.TimingConfig - ==执行服务发现线程==
[2020-10-19 17:42:50.485] [grpc-worker-timing-pool-1] [INFO ] com.piesat.common.config.TimingConfig - ==执行心跳监测线程==
[2020-10-19 17:42:59.167] [Thread-2] [INFO ] n.d.b.g.server.serverfactory.GrpcServerLifecycle - gRPC server shutdown.
[2020-10-19 17:42:59.177] [Thread-2] [INFO ] n.d.b.g.c.nameresolver.NameResolverRegistration - net.devh.boot.grpc.server.nameresolver.SelfNameResolverFactory@6da646b8 was removed from the NameResolverRegistry
[2020-10-19 17:42:59.298] [grpc-worker-timing-pool-0] [INFO ] com.piesat.common.config.TimingConfig - grpc服务发现定时线程异常
[2020-10-19 17:45:51.335] [main] [INFO ] com.htht.ReportTest - Starting ReportTest on DESKTOP-B511OAC with PID 5092 (started by admin in D:\gitcangku\monitor8\oap-server\server-starter-boot\server-starter-boot-schedule)
[2020-10-19 17:45:51.338] [main] [INFO ] com.htht.ReportTest - No active profile set, falling back to default profiles: default
[2020-10-19 17:45:54.510] [main] [INFO ] o.s.d.r.config.RepositoryConfigurationDelegate - Multiple Spring Data modules found, entering strict repository configuration mode!
[2020-10-19 17:45:54.523] [main] [INFO ] o.s.d.r.config.RepositoryConfigurationDelegate - Bootstrapping Spring Data repositories in DEFAULT mode.
[2020-10-19 17:45:54.670] [main] [INFO ] o.s.d.r.config.RepositoryConfigurationDelegate - Finished Spring Data repository scanning in 98ms. Found 0 repository interfaces.
[2020-10-19 17:45:56.358] [main] [INFO ] o.a.s.o.s.l.c.elasticsearch.ElasticSearchClient - elasticsearch cluster nodes: 10.1.100.35:9200
[2020-10-19 17:46:03.702] [main] [INFO ] n.d.b.g.c.nameresolver.NameResolverRegistration - net.devh.boot.grpc.server.nameresolver.SelfNameResolverFactory@55c46ec1 is available -> Added to the NameResolverRegistry
[2020-10-19 17:46:05.360] [main] [INFO ] n.d.b.g.s.serverfactory.AbstractGrpcServerFactory - Registered gRPC service: CommonService, bean: commonService, class: com.piesat.common.grpc.service.CommonService
[2020-10-19 17:46:06.887] [main] [INFO ] n.d.b.g.server.serverfactory.GrpcServerLifecycle - gRPC Server started, listening on address: *, port: 11700
[2020-10-19 17:46:06.900] [main] [INFO ] com.htht.ReportTest - Started ReportTest in 17.343 seconds (JVM running for 20.308)
[2020-10-19 17:46:07.517] [main] [INFO ] io.lettuce.core.EpollProvider - Starting without optional epoll library
[2020-10-19 17:46:07.520] [main] [INFO ] io.lettuce.core.KqueueProvider - Starting without optional kqueue library
[2020-10-19 17:46:08.886] [grpc-worker-timing-pool-0] [INFO ] com.piesat.common.config.TimingConfig - ==执行服务发现线程==
[2020-10-19 17:46:08.887] [grpc-worker-timing-pool-1] [INFO ] com.piesat.common.config.TimingConfig - ==执行心跳监测线程==
[2020-10-19 17:46:17.697] [Thread-2] [INFO ] n.d.b.g.server.serverfactory.GrpcServerLifecycle - gRPC server shutdown.
[2020-10-19 17:46:17.699] [grpc-worker-timing-pool-0] [INFO ] com.piesat.common.config.TimingConfig - grpc 10.1.6.83:11800 心跳检测失败
[2020-10-19 17:46:17.709] [Thread-2] [INFO ] n.d.b.g.c.nameresolver.NameResolverRegistration - net.devh.boot.grpc.server.nameresolver.SelfNameResolverFactory@55c46ec1 was removed from the NameResolverRegistry
[2020-10-19 19:56:24.572] [main] [INFO ] com.htht.ReportTest - Starting ReportTest on DESKTOP-B511OAC with PID 18176 (started by admin in D:\gitcangku\monitor8\oap-server\server-starter-boot\server-starter-boot-schedule)
[2020-10-19 19:56:24.603] [main] [INFO ] com.htht.ReportTest - No active profile set, falling back to default profiles: default
[2020-10-19 19:56:27.379] [main] [INFO ] o.s.d.r.config.RepositoryConfigurationDelegate - Multiple Spring Data modules found, entering strict repository configuration mode!
[2020-10-19 19:56:27.392] [main] [INFO ] o.s.d.r.config.RepositoryConfigurationDelegate - Bootstrapping Spring Data repositories in DEFAULT mode.
[2020-10-19 19:56:27.522] [main] [INFO ] o.s.d.r.config.RepositoryConfigurationDelegate - Finished Spring Data repository scanning in 77ms. Found 0 repository interfaces.
[2020-10-19 19:56:29.307] [main] [INFO ] o.a.s.o.s.l.c.elasticsearch.ElasticSearchClient - elasticsearch cluster nodes: 10.1.100.35:9200
[2020-10-19 19:56:42.889] [main] [INFO ] com.htht.ReportTest - Starting ReportTest on DESKTOP-B511OAC with PID 21576 (started by admin in D:\gitcangku\monitor8\oap-server\server-starter-boot\server-starter-boot-schedule)
[2020-10-19 19:56:42.891] [main] [INFO ] com.htht.ReportTest - No active profile set, falling back to default profiles: default
[2020-10-19 19:56:46.162] [main] [INFO ] o.s.d.r.config.RepositoryConfigurationDelegate - Multiple Spring Data modules found, entering strict repository configuration mode!
[2020-10-19 19:56:46.175] [main] [INFO ] o.s.d.r.config.RepositoryConfigurationDelegate - Bootstrapping Spring Data repositories in DEFAULT mode.
[2020-10-19 19:56:46.293] [main] [INFO ] o.s.d.r.config.RepositoryConfigurationDelegate - Finished Spring Data repository scanning in 65ms. Found 0 repository interfaces.
[2020-10-19 19:56:47.441] [main] [INFO ] o.a.s.o.s.l.c.elasticsearch.ElasticSearchClient - elasticsearch cluster nodes: 10.1.100.35:9200
[2020-10-19 19:56:53.620] [main] [INFO ] n.d.b.g.c.nameresolver.NameResolverRegistration - net.devh.boot.grpc.server.nameresolver.SelfNameResolverFactory@22361e23 is available -> Added to the NameResolverRegistry
[2020-10-19 19:56:54.819] [main] [INFO ] n.d.b.g.s.serverfactory.AbstractGrpcServerFactory - Registered gRPC service: CommonService, bean: commonService, class: com.piesat.common.grpc.service.CommonService
[2020-10-19 19:56:56.123] [main] [INFO ] n.d.b.g.c.nameresolver.NameResolverRegistration - net.devh.boot.grpc.server.nameresolver.SelfNameResolverFactory@22361e23 was removed from the NameResolverRegistry
[2020-10-19 19:56:56.172] [main] [INFO ] o.s.b.a.l.ConditionEvaluationReportLoggingListener - 

Error starting ApplicationContext. To display the conditions report re-run your application with 'debug' enabled.
[2020-10-19 19:57:12.861] [main] [INFO ] com.htht.ReportTest - Starting ReportTest on DESKTOP-B511OAC with PID 22748 (started by admin in D:\gitcangku\monitor8\oap-server\server-starter-boot\server-starter-boot-schedule)
[2020-10-19 19:57:12.863] [main] [INFO ] com.htht.ReportTest - No active profile set, falling back to default profiles: default
[2020-10-19 19:57:17.284] [main] [INFO ] o.s.d.r.config.RepositoryConfigurationDelegate - Multiple Spring Data modules found, entering strict repository configuration mode!
[2020-10-19 19:57:17.298] [main] [INFO ] o.s.d.r.config.RepositoryConfigurationDelegate - Bootstrapping Spring Data repositories in DEFAULT mode.
[2020-10-19 19:57:17.445] [main] [INFO ] o.s.d.r.config.RepositoryConfigurationDelegate - Finished Spring Data repository scanning in 91ms. Found 0 repository interfaces.
[2020-10-19 19:57:18.633] [main] [INFO ] o.a.s.o.s.l.c.elasticsearch.ElasticSearchClient - elasticsearch cluster nodes: 10.1.100.35:9200
[2020-10-19 19:57:24.326] [main] [INFO ] n.d.b.g.c.nameresolver.NameResolverRegistration - net.devh.boot.grpc.server.nameresolver.SelfNameResolverFactory@4e951fb1 is available -> Added to the NameResolverRegistry
[2020-10-19 19:57:25.557] [main] [INFO ] n.d.b.g.s.serverfactory.AbstractGrpcServerFactory - Registered gRPC service: CommonService, bean: commonService, class: com.piesat.common.grpc.service.CommonService
[2020-10-19 19:57:26.765] [main] [INFO ] n.d.b.g.c.nameresolver.NameResolverRegistration - net.devh.boot.grpc.server.nameresolver.SelfNameResolverFactory@4e951fb1 was removed from the NameResolverRegistry
[2020-10-19 19:57:26.800] [main] [INFO ] o.s.b.a.l.ConditionEvaluationReportLoggingListener - 

Error starting ApplicationContext. To display the conditions report re-run your application with 'debug' enabled.
[2020-10-19 19:57:50.518] [main] [INFO ] com.htht.ReportTest - Starting ReportTest on DESKTOP-B511OAC with PID 22708 (started by admin in D:\gitcangku\monitor8\oap-server\server-starter-boot\server-starter-boot-schedule)
[2020-10-19 19:57:50.522] [main] [INFO ] com.htht.ReportTest - No active profile set, falling back to default profiles: default
[2020-10-19 19:57:54.257] [main] [INFO ] o.s.d.r.config.RepositoryConfigurationDelegate - Multiple Spring Data modules found, entering strict repository configuration mode!
[2020-10-19 19:57:54.266] [main] [INFO ] o.s.d.r.config.RepositoryConfigurationDelegate - Bootstrapping Spring Data repositories in DEFAULT mode.
[2020-10-19 19:57:54.389] [main] [INFO ] o.s.d.r.config.RepositoryConfigurationDelegate - Finished Spring Data repository scanning in 74ms. Found 0 repository interfaces.
[2020-10-19 19:57:55.352] [main] [INFO ] o.a.s.o.s.l.c.elasticsearch.ElasticSearchClient - elasticsearch cluster nodes: 10.1.100.35:9200
[2020-10-19 19:58:01.024] [main] [INFO ] n.d.b.g.c.nameresolver.NameResolverRegistration - net.devh.boot.grpc.server.nameresolver.SelfNameResolverFactory@31880efa is available -> Added to the NameResolverRegistry
[2020-10-19 19:58:02.667] [main] [INFO ] n.d.b.g.s.serverfactory.AbstractGrpcServerFactory - Registered gRPC service: CommonService, bean: commonService, class: com.piesat.common.grpc.service.CommonService
[2020-10-19 19:58:04.190] [main] [INFO ] n.d.b.g.server.serverfactory.GrpcServerLifecycle - gRPC Server started, listening on address: *, port: 11700
[2020-10-19 19:58:04.202] [main] [INFO ] com.htht.ReportTest - Started ReportTest in 14.819 seconds (JVM running for 17.401)
[2020-10-19 19:58:05.046] [main] [INFO ] io.lettuce.core.EpollProvider - Starting without optional epoll library
[2020-10-19 19:58:05.049] [main] [INFO ] io.lettuce.core.KqueueProvider - Starting without optional kqueue library
[2020-10-19 19:58:06.301] [grpc-worker-timing-pool-0] [INFO ] com.piesat.common.config.TimingConfig - ==执行服务发现线程==
[2020-10-19 19:58:06.301] [grpc-worker-timing-pool-1] [INFO ] com.piesat.common.config.TimingConfig - ==执行心跳监测线程==
[2020-10-19 19:58:07.473] [Thread-2] [INFO ] n.d.b.g.server.serverfactory.GrpcServerLifecycle - gRPC server shutdown.
[2020-10-19 19:58:07.481] [Thread-2] [INFO ] n.d.b.g.c.nameresolver.NameResolverRegistration - net.devh.boot.grpc.server.nameresolver.SelfNameResolverFactory@31880efa was removed from the NameResolverRegistry
[2020-10-19 19:58:31.701] [main] [INFO ] com.htht.ReportTest - Starting ReportTest on DESKTOP-B511OAC with PID 4688 (started by admin in D:\gitcangku\monitor8\oap-server\server-starter-boot\server-starter-boot-schedule)
[2020-10-19 19:58:31.706] [main] [INFO ] com.htht.ReportTest - No active profile set, falling back to default profiles: default
[2020-10-19 19:58:35.002] [main] [INFO ] o.s.d.r.config.RepositoryConfigurationDelegate - Multiple Spring Data modules found, entering strict repository configuration mode!
[2020-10-19 19:58:35.016] [main] [INFO ] o.s.d.r.config.RepositoryConfigurationDelegate - Bootstrapping Spring Data repositories in DEFAULT mode.
[2020-10-19 19:58:35.176] [main] [INFO ] o.s.d.r.config.RepositoryConfigurationDelegate - Finished Spring Data repository scanning in 100ms. Found 0 repository interfaces.
[2020-10-19 19:58:36.253] [main] [INFO ] o.a.s.o.s.l.c.elasticsearch.ElasticSearchClient - elasticsearch cluster nodes: 10.1.100.35:9200
[2020-10-19 19:58:42.032] [main] [INFO ] n.d.b.g.c.nameresolver.NameResolverRegistration - net.devh.boot.grpc.server.nameresolver.SelfNameResolverFactory@bf4e48e is available -> Added to the NameResolverRegistry
[2020-10-19 19:58:43.215] [main] [INFO ] n.d.b.g.s.serverfactory.AbstractGrpcServerFactory - Registered gRPC service: CommonService, bean: commonService, class: com.piesat.common.grpc.service.CommonService
[2020-10-19 19:58:44.556] [main] [INFO ] n.d.b.g.server.serverfactory.GrpcServerLifecycle - gRPC Server started, listening on address: *, port: 11700
[2020-10-19 19:58:44.569] [main] [INFO ] com.htht.ReportTest - Started ReportTest in 14.524 seconds (JVM running for 16.605)
[2020-10-19 19:58:45.188] [main] [INFO ] io.lettuce.core.EpollProvider - Starting without optional epoll library
[2020-10-19 19:58:45.190] [main] [INFO ] io.lettuce.core.KqueueProvider - Starting without optional kqueue library
[2020-10-19 19:58:46.341] [grpc-worker-timing-pool-0] [INFO ] com.piesat.common.config.TimingConfig - ==执行服务发现线程==
[2020-10-19 19:58:46.342] [grpc-worker-timing-pool-1] [INFO ] com.piesat.common.config.TimingConfig - ==执行心跳监测线程==
[2020-10-19 19:59:01.815] [Thread-2] [INFO ] n.d.b.g.server.serverfactory.GrpcServerLifecycle - gRPC server shutdown.
[2020-10-19 19:59:01.828] [Thread-2] [INFO ] n.d.b.g.c.nameresolver.NameResolverRegistration - net.devh.boot.grpc.server.nameresolver.SelfNameResolverFactory@bf4e48e was removed from the NameResolverRegistry
[2020-10-19 19:59:01.951] [grpc-worker-timing-pool-0] [INFO ] com.piesat.common.config.TimingConfig - grpc服务发现定时线程异常
[2020-10-19 20:00:11.662] [main] [INFO ] com.htht.ReportTest - Starting ReportTest on DESKTOP-B511OAC with PID 12224 (started by admin in D:\gitcangku\monitor8\oap-server\server-starter-boot\server-starter-boot-schedule)
[2020-10-19 20:00:11.665] [main] [INFO ] com.htht.ReportTest - No active profile set, falling back to default profiles: default
[2020-10-19 20:00:15.031] [main] [INFO ] o.s.d.r.config.RepositoryConfigurationDelegate - Multiple Spring Data modules found, entering strict repository configuration mode!
[2020-10-19 20:00:15.040] [main] [INFO ] o.s.d.r.config.RepositoryConfigurationDelegate - Bootstrapping Spring Data repositories in DEFAULT mode.
[2020-10-19 20:00:15.133] [main] [INFO ] o.s.d.r.config.RepositoryConfigurationDelegate - Finished Spring Data repository scanning in 59ms. Found 0 repository interfaces.
[2020-10-19 20:00:16.044] [main] [INFO ] o.a.s.o.s.l.c.elasticsearch.ElasticSearchClient - elasticsearch cluster nodes: 10.1.100.35:9200
[2020-10-19 20:00:20.639] [main] [INFO ] n.d.b.g.c.nameresolver.NameResolverRegistration - net.devh.boot.grpc.server.nameresolver.SelfNameResolverFactory@690ed13a is available -> Added to the NameResolverRegistry
[2020-10-19 20:00:21.872] [main] [INFO ] n.d.b.g.s.serverfactory.AbstractGrpcServerFactory - Registered gRPC service: CommonService, bean: commonService, class: com.piesat.common.grpc.service.CommonService
[2020-10-19 20:00:23.863] [main] [INFO ] n.d.b.g.server.serverfactory.GrpcServerLifecycle - gRPC Server started, listening on address: *, port: 11700
[2020-10-19 20:00:23.879] [main] [INFO ] com.htht.ReportTest - Started ReportTest in 13.799 seconds (JVM running for 16.256)
[2020-10-19 20:00:24.500] [main] [INFO ] io.lettuce.core.EpollProvider - Starting without optional epoll library
[2020-10-19 20:00:24.503] [main] [INFO ] io.lettuce.core.KqueueProvider - Starting without optional kqueue library
[2020-10-19 20:00:25.793] [grpc-worker-timing-pool-0] [INFO ] com.piesat.common.config.TimingConfig - ==执行服务发现线程==
[2020-10-19 20:00:25.793] [grpc-worker-timing-pool-1] [INFO ] com.piesat.common.config.TimingConfig - ==执行心跳监测线程==
[2020-10-19 20:01:34.367] [grpc-worker-timing-pool-1] [INFO ] com.piesat.common.config.TimingConfig - ==执行心跳监测线程==
[2020-10-19 20:01:34.391] [Thread-2] [INFO ] n.d.b.g.server.serverfactory.GrpcServerLifecycle - gRPC server shutdown.
[2020-10-19 20:01:34.402] [Thread-2] [INFO ] n.d.b.g.c.nameresolver.NameResolverRegistration - net.devh.boot.grpc.server.nameresolver.SelfNameResolverFactory@690ed13a was removed from the NameResolverRegistry
[2020-10-19 20:01:34.522] [grpc-worker-timing-pool-0] [INFO ] com.piesat.common.config.TimingConfig - grpc服务发现定时线程异常
[2020-10-19 20:09:29.815] [main] [INFO ] com.htht.ReportTest - Starting ReportTest on DESKTOP-B511OAC with PID 8788 (started by admin in D:\gitcangku\monitor8\oap-server\server-starter-boot\server-starter-boot-schedule)
[2020-10-19 20:09:29.861] [main] [INFO ] com.htht.ReportTest - No active profile set, falling back to default profiles: default
[2020-10-19 20:09:32.648] [main] [INFO ] o.s.d.r.config.RepositoryConfigurationDelegate - Multiple Spring Data modules found, entering strict repository configuration mode!
[2020-10-19 20:09:32.661] [main] [INFO ] o.s.d.r.config.RepositoryConfigurationDelegate - Bootstrapping Spring Data repositories in DEFAULT mode.
[2020-10-19 20:09:32.740] [main] [INFO ] o.s.d.r.config.RepositoryConfigurationDelegate - Finished Spring Data repository scanning in 34ms. Found 0 repository interfaces.
[2020-10-19 20:09:33.566] [main] [INFO ] o.a.s.o.s.l.c.elasticsearch.ElasticSearchClient - elasticsearch cluster nodes: 10.1.100.35:9200
[2020-10-19 20:09:40.237] [main] [INFO ] n.d.b.g.c.nameresolver.NameResolverRegistration - net.devh.boot.grpc.server.nameresolver.SelfNameResolverFactory@31f5b923 is available -> Added to the NameResolverRegistry
[2020-10-19 20:09:41.679] [main] [INFO ] n.d.b.g.s.serverfactory.AbstractGrpcServerFactory - Registered gRPC service: CommonService, bean: commonService, class: com.piesat.common.grpc.service.CommonService
[2020-10-19 20:09:42.957] [main] [INFO ] n.d.b.g.server.serverfactory.GrpcServerLifecycle - gRPC Server started, listening on address: *, port: 11700
[2020-10-19 20:09:42.969] [main] [INFO ] com.htht.ReportTest - Started ReportTest in 14.642 seconds (JVM running for 20.189)
[2020-10-19 20:09:43.782] [main] [INFO ] io.lettuce.core.EpollProvider - Starting without optional epoll library
[2020-10-19 20:09:43.786] [main] [INFO ] io.lettuce.core.KqueueProvider - Starting without optional kqueue library
[2020-10-19 20:09:45.606] [grpc-worker-timing-pool-0] [INFO ] com.piesat.common.config.TimingConfig - ==执行服务发现线程==
[2020-10-19 20:09:45.607] [grpc-worker-timing-pool-1] [INFO ] com.piesat.common.config.TimingConfig - ==执行心跳监测线程==
[2020-10-19 20:19:30.559] [grpc-worker-timing-pool-1] [INFO ] com.piesat.common.config.TimingConfig - ==执行心跳监测线程==
[2020-10-19 20:19:30.724] [Thread-2] [INFO ] n.d.b.g.server.serverfactory.GrpcServerLifecycle - gRPC server shutdown.
[2020-10-19 20:19:30.744] [Thread-2] [INFO ] n.d.b.g.c.nameresolver.NameResolverRegistration - net.devh.boot.grpc.server.nameresolver.SelfNameResolverFactory@31f5b923 was removed from the NameResolverRegistry
[2020-10-19 20:19:30.760] [grpc-worker-timing-pool-0] [INFO ] com.piesat.common.config.TimingConfig - grpc 10.1.6.83:11800 心跳检测失败
