[2020-10-15 10:44:26.720] [main] [INFO ] com.htht.ReportTest - Starting ReportTest on DESKTOP-B511OAC with PID 22228 (started by admin in D:\gitcangku\monitor8\oap-server\server-starter-boot\server-starter-boot-schedule)
[2020-10-15 10:44:26.723] [main] [INFO ] com.htht.ReportTest - No active profile set, falling back to default profiles: default
[2020-10-15 10:44:30.868] [main] [INFO ] o.s.d.r.config.RepositoryConfigurationDelegate - Multiple Spring Data modules found, entering strict repository configuration mode!
[2020-10-15 10:44:30.880] [main] [INFO ] o.s.d.r.config.RepositoryConfigurationDelegate - Bootstrapping Spring Data repositories in DEFAULT mode.
[2020-10-15 10:44:31.023] [main] [INFO ] o.s.d.r.config.RepositoryConfigurationDelegate - Finished Spring Data repository scanning in 92ms. Found 0 repository interfaces.
[2020-10-15 10:44:32.431] [main] [INFO ] o.a.s.o.s.l.c.elasticsearch.ElasticSearchClient - elasticsearch cluster nodes: 10.1.100.35:9200
[2020-10-15 10:44:37.608] [main] [INFO ] n.d.b.g.c.nameresolver.NameResolverRegistration - net.devh.boot.grpc.server.nameresolver.SelfNameResolverFactory@62ab5e63 is available -> Added to the NameResolverRegistry
[2020-10-15 10:44:38.884] [main] [INFO ] n.d.b.g.s.serverfactory.AbstractGrpcServerFactory - Registered gRPC service: CommonService, bean: commonService, class: com.piesat.common.grpc.service.CommonService
[2020-10-15 10:44:40.280] [main] [INFO ] n.d.b.g.server.serverfactory.GrpcServerLifecycle - gRPC Server started, listening on address: *, port: 11700
[2020-10-15 10:44:40.301] [main] [INFO ] com.htht.ReportTest - Started ReportTest in 15.0 seconds (JVM running for 17.86)
[2020-10-15 10:44:41.469] [main] [INFO ] io.lettuce.core.EpollProvider - Starting without optional epoll library
[2020-10-15 10:44:41.474] [main] [INFO ] io.lettuce.core.KqueueProvider - Starting without optional kqueue library
[2020-10-15 10:44:43.024] [grpc-worker-timing-pool-0] [INFO ] com.piesat.common.config.TimingConfig - ==执行服务发现线程==
[2020-10-15 10:44:43.025] [grpc-worker-timing-pool-1] [INFO ] com.piesat.common.config.TimingConfig - ==执行心跳监测线程==
[2020-10-15 10:45:03.478] [grpc-worker-timing-pool-0] [INFO ] com.piesat.common.config.TimingConfig - grpc 10.1.6.83:11800 心跳检测失败
[2020-10-15 10:45:03.481] [Thread-2] [INFO ] n.d.b.g.server.serverfactory.GrpcServerLifecycle - gRPC server shutdown.
[2020-10-15 10:45:03.494] [Thread-2] [INFO ] n.d.b.g.c.nameresolver.NameResolverRegistration - net.devh.boot.grpc.server.nameresolver.SelfNameResolverFactory@62ab5e63 was removed from the NameResolverRegistry
[2020-10-15 10:45:49.129] [main] [INFO ] com.htht.ReportTest - Starting ReportTest on DESKTOP-B511OAC with PID 11888 (started by admin in D:\gitcangku\monitor8\oap-server\server-starter-boot\server-starter-boot-schedule)
[2020-10-15 10:45:49.131] [main] [INFO ] com.htht.ReportTest - No active profile set, falling back to default profiles: default
[2020-10-15 10:45:51.950] [main] [INFO ] o.s.d.r.config.RepositoryConfigurationDelegate - Multiple Spring Data modules found, entering strict repository configuration mode!
[2020-10-15 10:45:51.957] [main] [INFO ] o.s.d.r.config.RepositoryConfigurationDelegate - Bootstrapping Spring Data repositories in DEFAULT mode.
[2020-10-15 10:45:52.043] [main] [INFO ] o.s.d.r.config.RepositoryConfigurationDelegate - Finished Spring Data repository scanning in 47ms. Found 0 repository interfaces.
[2020-10-15 10:45:52.814] [main] [INFO ] o.a.s.o.s.l.c.elasticsearch.ElasticSearchClient - elasticsearch cluster nodes: 10.1.100.35:9200
[2020-10-15 10:45:57.310] [main] [INFO ] n.d.b.g.c.nameresolver.NameResolverRegistration - net.devh.boot.grpc.server.nameresolver.SelfNameResolverFactory@343d1d25 is available -> Added to the NameResolverRegistry
[2020-10-15 10:45:58.511] [main] [INFO ] n.d.b.g.s.serverfactory.AbstractGrpcServerFactory - Registered gRPC service: CommonService, bean: commonService, class: com.piesat.common.grpc.service.CommonService
[2020-10-15 10:45:59.666] [main] [INFO ] n.d.b.g.server.serverfactory.GrpcServerLifecycle - gRPC Server started, listening on address: *, port: 11700
[2020-10-15 10:45:59.681] [main] [INFO ] com.htht.ReportTest - Started ReportTest in 11.921 seconds (JVM running for 14.321)
[2020-10-15 10:46:00.260] [main] [INFO ] io.lettuce.core.EpollProvider - Starting without optional epoll library
[2020-10-15 10:46:00.263] [main] [INFO ] io.lettuce.core.KqueueProvider - Starting without optional kqueue library
[2020-10-15 10:46:01.319] [grpc-worker-timing-pool-0] [INFO ] com.piesat.common.config.TimingConfig - ==执行服务发现线程==
[2020-10-15 10:46:01.319] [grpc-worker-timing-pool-1] [INFO ] com.piesat.common.config.TimingConfig - ==执行心跳监测线程==
[2020-10-15 10:48:24.242] [grpc-worker-timing-pool-1] [INFO ] com.piesat.common.config.TimingConfig - ==执行心跳监测线程==
[2020-10-15 10:48:24.265] [Thread-2] [INFO ] n.d.b.g.server.serverfactory.GrpcServerLifecycle - gRPC server shutdown.
[2020-10-15 10:48:24.283] [Thread-2] [INFO ] n.d.b.g.c.nameresolver.NameResolverRegistration - net.devh.boot.grpc.server.nameresolver.SelfNameResolverFactory@343d1d25 was removed from the NameResolverRegistry
[2020-10-15 10:48:24.414] [grpc-worker-timing-pool-0] [INFO ] com.piesat.common.config.TimingConfig - grpc服务发现定时线程异常
[2020-10-15 10:48:35.013] [main] [INFO ] com.htht.ReportTest - Starting ReportTest on DESKTOP-B511OAC with PID 22568 (started by admin in D:\gitcangku\monitor8\oap-server\server-starter-boot\server-starter-boot-schedule)
[2020-10-15 10:48:35.015] [main] [INFO ] com.htht.ReportTest - No active profile set, falling back to default profiles: default
[2020-10-15 10:48:37.856] [main] [INFO ] o.s.d.r.config.RepositoryConfigurationDelegate - Multiple Spring Data modules found, entering strict repository configuration mode!
[2020-10-15 10:48:37.869] [main] [INFO ] o.s.d.r.config.RepositoryConfigurationDelegate - Bootstrapping Spring Data repositories in DEFAULT mode.
[2020-10-15 10:48:37.974] [main] [INFO ] o.s.d.r.config.RepositoryConfigurationDelegate - Finished Spring Data repository scanning in 68ms. Found 0 repository interfaces.
[2020-10-15 10:48:38.777] [main] [INFO ] o.a.s.o.s.l.c.elasticsearch.ElasticSearchClient - elasticsearch cluster nodes: 10.1.100.35:9200
[2020-10-15 10:48:43.128] [main] [INFO ] n.d.b.g.c.nameresolver.NameResolverRegistration - net.devh.boot.grpc.server.nameresolver.SelfNameResolverFactory@1dfcf85a is available -> Added to the NameResolverRegistry
[2020-10-15 10:48:44.265] [main] [INFO ] n.d.b.g.s.serverfactory.AbstractGrpcServerFactory - Registered gRPC service: CommonService, bean: commonService, class: com.piesat.common.grpc.service.CommonService
[2020-10-15 10:48:45.367] [main] [INFO ] n.d.b.g.server.serverfactory.GrpcServerLifecycle - gRPC Server started, listening on address: *, port: 11700
[2020-10-15 10:48:45.381] [main] [INFO ] com.htht.ReportTest - Started ReportTest in 11.9 seconds (JVM running for 14.147)
[2020-10-15 10:48:45.930] [main] [INFO ] io.lettuce.core.EpollProvider - Starting without optional epoll library
[2020-10-15 10:48:45.933] [main] [INFO ] io.lettuce.core.KqueueProvider - Starting without optional kqueue library
[2020-10-15 10:48:46.926] [grpc-worker-timing-pool-0] [INFO ] com.piesat.common.config.TimingConfig - ==执行服务发现线程==
[2020-10-15 10:48:46.926] [grpc-worker-timing-pool-1] [INFO ] com.piesat.common.config.TimingConfig - ==执行心跳监测线程==
[2020-10-15 10:56:21.329] [grpc-worker-timing-pool-1] [INFO ] com.piesat.common.config.TimingConfig - ==执行心跳监测线程==
[2020-10-15 10:56:21.369] [Thread-2] [INFO ] n.d.b.g.server.serverfactory.GrpcServerLifecycle - gRPC server shutdown.
[2020-10-15 10:56:21.383] [Thread-2] [INFO ] n.d.b.g.c.nameresolver.NameResolverRegistration - net.devh.boot.grpc.server.nameresolver.SelfNameResolverFactory@1dfcf85a was removed from the NameResolverRegistry
[2020-10-15 10:56:21.520] [grpc-worker-timing-pool-0] [INFO ] com.piesat.common.config.TimingConfig - grpc服务发现定时线程异常
[2020-10-15 10:56:33.700] [main] [INFO ] com.htht.ReportTest - Starting ReportTest on DESKTOP-B511OAC with PID 20428 (started by admin in D:\gitcangku\monitor8\oap-server\server-starter-boot\server-starter-boot-schedule)
[2020-10-15 10:56:33.702] [main] [INFO ] com.htht.ReportTest - No active profile set, falling back to default profiles: default
[2020-10-15 10:56:37.184] [main] [INFO ] o.s.d.r.config.RepositoryConfigurationDelegate - Multiple Spring Data modules found, entering strict repository configuration mode!
[2020-10-15 10:56:37.193] [main] [INFO ] o.s.d.r.config.RepositoryConfigurationDelegate - Bootstrapping Spring Data repositories in DEFAULT mode.
[2020-10-15 10:56:37.298] [main] [INFO ] o.s.d.r.config.RepositoryConfigurationDelegate - Finished Spring Data repository scanning in 63ms. Found 0 repository interfaces.
[2020-10-15 10:56:38.218] [main] [INFO ] o.a.s.o.s.l.c.elasticsearch.ElasticSearchClient - elasticsearch cluster nodes: 10.1.100.35:9200
[2020-10-15 10:56:42.623] [main] [INFO ] n.d.b.g.c.nameresolver.NameResolverRegistration - net.devh.boot.grpc.server.nameresolver.SelfNameResolverFactory@772cf46b is available -> Added to the NameResolverRegistry
[2020-10-15 10:56:43.812] [main] [INFO ] n.d.b.g.s.serverfactory.AbstractGrpcServerFactory - Registered gRPC service: CommonService, bean: commonService, class: com.piesat.common.grpc.service.CommonService
[2020-10-15 10:56:45.076] [main] [INFO ] n.d.b.g.server.serverfactory.GrpcServerLifecycle - gRPC Server started, listening on address: *, port: 11700
[2020-10-15 10:56:45.092] [main] [INFO ] com.htht.ReportTest - Started ReportTest in 12.784 seconds (JVM running for 15.031)
[2020-10-15 10:56:45.724] [main] [INFO ] io.lettuce.core.EpollProvider - Starting without optional epoll library
[2020-10-15 10:56:45.727] [main] [INFO ] io.lettuce.core.KqueueProvider - Starting without optional kqueue library
[2020-10-15 10:56:46.864] [grpc-worker-timing-pool-0] [INFO ] com.piesat.common.config.TimingConfig - ==执行服务发现线程==
[2020-10-15 10:56:46.864] [grpc-worker-timing-pool-1] [INFO ] com.piesat.common.config.TimingConfig - ==执行心跳监测线程==
[2020-10-15 11:01:33.282] [grpc-worker-timing-pool-1] [INFO ] com.piesat.common.config.TimingConfig - ==执行心跳监测线程==
[2020-10-15 11:01:33.314] [Thread-2] [INFO ] n.d.b.g.server.serverfactory.GrpcServerLifecycle - gRPC server shutdown.
[2020-10-15 11:01:33.318] [grpc-worker-timing-pool-0] [INFO ] com.piesat.common.config.TimingConfig - grpc 10.1.10.1:11800 心跳检测失败
[2020-10-15 11:01:33.330] [Thread-2] [INFO ] n.d.b.g.c.nameresolver.NameResolverRegistration - net.devh.boot.grpc.server.nameresolver.SelfNameResolverFactory@772cf46b was removed from the NameResolverRegistry
[2020-10-15 11:04:33.791] [main] [INFO ] com.htht.ReportTest - Starting ReportTest on DESKTOP-B511OAC with PID 21756 (started by admin in D:\gitcangku\monitor8\oap-server\server-starter-boot\server-starter-boot-schedule)
[2020-10-15 11:04:33.796] [main] [INFO ] com.htht.ReportTest - No active profile set, falling back to default profiles: default
[2020-10-15 11:04:36.500] [main] [INFO ] o.s.d.r.config.RepositoryConfigurationDelegate - Multiple Spring Data modules found, entering strict repository configuration mode!
[2020-10-15 11:04:36.509] [main] [INFO ] o.s.d.r.config.RepositoryConfigurationDelegate - Bootstrapping Spring Data repositories in DEFAULT mode.
[2020-10-15 11:04:36.605] [main] [INFO ] o.s.d.r.config.RepositoryConfigurationDelegate - Finished Spring Data repository scanning in 61ms. Found 0 repository interfaces.
[2020-10-15 11:04:37.361] [main] [INFO ] o.a.s.o.s.l.c.elasticsearch.ElasticSearchClient - elasticsearch cluster nodes: 10.1.100.35:9200
[2020-10-15 11:04:41.978] [main] [INFO ] n.d.b.g.c.nameresolver.NameResolverRegistration - net.devh.boot.grpc.server.nameresolver.SelfNameResolverFactory@2d459bda is available -> Added to the NameResolverRegistry
[2020-10-15 11:04:43.107] [main] [INFO ] n.d.b.g.s.serverfactory.AbstractGrpcServerFactory - Registered gRPC service: CommonService, bean: commonService, class: com.piesat.common.grpc.service.CommonService
[2020-10-15 11:04:44.274] [main] [INFO ] n.d.b.g.server.serverfactory.GrpcServerLifecycle - gRPC Server started, listening on address: *, port: 11700
[2020-10-15 11:04:44.287] [main] [INFO ] com.htht.ReportTest - Started ReportTest in 11.9 seconds (JVM running for 14.031)
[2020-10-15 11:04:44.973] [main] [INFO ] io.lettuce.core.EpollProvider - Starting without optional epoll library
[2020-10-15 11:04:44.976] [main] [INFO ] io.lettuce.core.KqueueProvider - Starting without optional kqueue library
[2020-10-15 11:04:46.182] [grpc-worker-timing-pool-0] [INFO ] com.piesat.common.config.TimingConfig - ==执行服务发现线程==
[2020-10-15 11:04:46.182] [grpc-worker-timing-pool-1] [INFO ] com.piesat.common.config.TimingConfig - ==执行心跳监测线程==
[2020-10-15 11:07:21.211] [grpc-worker-timing-pool-1] [INFO ] com.piesat.common.config.TimingConfig - ==执行心跳监测线程==
[2020-10-15 11:07:21.233] [Thread-2] [INFO ] n.d.b.g.server.serverfactory.GrpcServerLifecycle - gRPC server shutdown.
[2020-10-15 11:07:21.243] [Thread-2] [INFO ] n.d.b.g.c.nameresolver.NameResolverRegistration - net.devh.boot.grpc.server.nameresolver.SelfNameResolverFactory@2d459bda was removed from the NameResolverRegistry
[2020-10-15 11:15:00.655] [main] [INFO ] com.htht.ReportTest - Starting ReportTest on DESKTOP-B511OAC with PID 2060 (started by admin in D:\gitcangku\monitor8\oap-server\server-starter-boot\server-starter-boot-schedule)
[2020-10-15 11:15:00.658] [main] [INFO ] com.htht.ReportTest - No active profile set, falling back to default profiles: default
[2020-10-15 11:15:03.597] [main] [INFO ] o.s.d.r.config.RepositoryConfigurationDelegate - Multiple Spring Data modules found, entering strict repository configuration mode!
[2020-10-15 11:15:03.606] [main] [INFO ] o.s.d.r.config.RepositoryConfigurationDelegate - Bootstrapping Spring Data repositories in DEFAULT mode.
[2020-10-15 11:15:03.704] [main] [INFO ] o.s.d.r.config.RepositoryConfigurationDelegate - Finished Spring Data repository scanning in 61ms. Found 0 repository interfaces.
[2020-10-15 11:15:04.476] [main] [INFO ] o.a.s.o.s.l.c.elasticsearch.ElasticSearchClient - elasticsearch cluster nodes: 10.1.100.35:9200
[2020-10-15 11:15:08.741] [main] [INFO ] n.d.b.g.c.nameresolver.NameResolverRegistration - net.devh.boot.grpc.server.nameresolver.SelfNameResolverFactory@34eaf9c1 is available -> Added to the NameResolverRegistry
[2020-10-15 11:15:09.801] [main] [INFO ] n.d.b.g.s.serverfactory.AbstractGrpcServerFactory - Registered gRPC service: CommonService, bean: commonService, class: com.piesat.common.grpc.service.CommonService
[2020-10-15 11:15:10.887] [main] [INFO ] n.d.b.g.server.serverfactory.GrpcServerLifecycle - gRPC Server started, listening on address: *, port: 11700
[2020-10-15 11:15:10.904] [main] [INFO ] com.htht.ReportTest - Started ReportTest in 11.833 seconds (JVM running for 13.902)
[2020-10-15 11:15:11.449] [main] [INFO ] io.lettuce.core.EpollProvider - Starting without optional epoll library
[2020-10-15 11:15:11.452] [main] [INFO ] io.lettuce.core.KqueueProvider - Starting without optional kqueue library
[2020-10-15 11:15:12.453] [grpc-worker-timing-pool-0] [INFO ] com.piesat.common.config.TimingConfig - ==执行服务发现线程==
[2020-10-15 11:15:12.454] [grpc-worker-timing-pool-1] [INFO ] com.piesat.common.config.TimingConfig - ==执行心跳监测线程==
[2020-10-15 11:15:13.158] [Thread-2] [INFO ] n.d.b.g.server.serverfactory.GrpcServerLifecycle - gRPC server shutdown.
[2020-10-15 11:15:13.168] [Thread-2] [INFO ] n.d.b.g.c.nameresolver.NameResolverRegistration - net.devh.boot.grpc.server.nameresolver.SelfNameResolverFactory@34eaf9c1 was removed from the NameResolverRegistry
[2020-10-15 11:15:34.466] [main] [INFO ] com.htht.ReportTest - Starting ReportTest on DESKTOP-B511OAC with PID 15924 (started by admin in D:\gitcangku\monitor8\oap-server\server-starter-boot\server-starter-boot-schedule)
[2020-10-15 11:15:34.469] [main] [INFO ] com.htht.ReportTest - No active profile set, falling back to default profiles: default
[2020-10-15 11:15:37.012] [main] [INFO ] o.s.d.r.config.RepositoryConfigurationDelegate - Multiple Spring Data modules found, entering strict repository configuration mode!
[2020-10-15 11:15:37.032] [main] [INFO ] o.s.d.r.config.RepositoryConfigurationDelegate - Bootstrapping Spring Data repositories in DEFAULT mode.
[2020-10-15 11:15:37.129] [main] [INFO ] o.s.d.r.config.RepositoryConfigurationDelegate - Finished Spring Data repository scanning in 55ms. Found 0 repository interfaces.
[2020-10-15 11:15:37.807] [main] [INFO ] o.a.s.o.s.l.c.elasticsearch.ElasticSearchClient - elasticsearch cluster nodes: 10.1.100.35:9200
[2020-10-15 11:15:42.098] [main] [INFO ] n.d.b.g.c.nameresolver.NameResolverRegistration - net.devh.boot.grpc.server.nameresolver.SelfNameResolverFactory@50672905 is available -> Added to the NameResolverRegistry
[2020-10-15 11:15:43.267] [main] [INFO ] n.d.b.g.s.serverfactory.AbstractGrpcServerFactory - Registered gRPC service: CommonService, bean: commonService, class: com.piesat.common.grpc.service.CommonService
[2020-10-15 11:15:44.468] [main] [INFO ] n.d.b.g.server.serverfactory.GrpcServerLifecycle - gRPC Server started, listening on address: *, port: 11700
[2020-10-15 11:15:44.484] [main] [INFO ] com.htht.ReportTest - Started ReportTest in 11.362 seconds (JVM running for 13.371)
[2020-10-15 11:15:45.117] [main] [INFO ] io.lettuce.core.EpollProvider - Starting without optional epoll library
[2020-10-15 11:15:45.120] [main] [INFO ] io.lettuce.core.KqueueProvider - Starting without optional kqueue library
[2020-10-15 11:15:46.289] [grpc-worker-timing-pool-0] [INFO ] com.piesat.common.config.TimingConfig - ==执行服务发现线程==
[2020-10-15 11:15:46.290] [grpc-worker-timing-pool-1] [INFO ] com.piesat.common.config.TimingConfig - ==执行心跳监测线程==
[2020-10-15 11:15:54.525] [Thread-2] [INFO ] n.d.b.g.server.serverfactory.GrpcServerLifecycle - gRPC server shutdown.
[2020-10-15 11:15:54.534] [Thread-2] [INFO ] n.d.b.g.c.nameresolver.NameResolverRegistration - net.devh.boot.grpc.server.nameresolver.SelfNameResolverFactory@50672905 was removed from the NameResolverRegistry
[2020-10-15 11:25:13.030] [main] [INFO ] com.htht.ReportTest - Starting ReportTest on DESKTOP-B511OAC with PID 22356 (started by admin in D:\gitcangku\monitor8\oap-server\server-starter-boot\server-starter-boot-schedule)
[2020-10-15 11:25:13.032] [main] [INFO ] com.htht.ReportTest - No active profile set, falling back to default profiles: default
[2020-10-15 11:25:15.755] [main] [INFO ] o.s.d.r.config.RepositoryConfigurationDelegate - Multiple Spring Data modules found, entering strict repository configuration mode!
[2020-10-15 11:25:15.764] [main] [INFO ] o.s.d.r.config.RepositoryConfigurationDelegate - Bootstrapping Spring Data repositories in DEFAULT mode.
[2020-10-15 11:25:15.864] [main] [INFO ] o.s.d.r.config.RepositoryConfigurationDelegate - Finished Spring Data repository scanning in 66ms. Found 0 repository interfaces.
[2020-10-15 11:25:16.725] [main] [INFO ] o.a.s.o.s.l.c.elasticsearch.ElasticSearchClient - elasticsearch cluster nodes: 10.1.100.35:9200
[2020-10-15 11:25:21.564] [main] [INFO ] n.d.b.g.c.nameresolver.NameResolverRegistration - net.devh.boot.grpc.server.nameresolver.SelfNameResolverFactory@126254ec is available -> Added to the NameResolverRegistry
[2020-10-15 11:25:22.765] [main] [INFO ] n.d.b.g.s.serverfactory.AbstractGrpcServerFactory - Registered gRPC service: CommonService, bean: commonService, class: com.piesat.common.grpc.service.CommonService
[2020-10-15 11:25:23.909] [main] [INFO ] n.d.b.g.server.serverfactory.GrpcServerLifecycle - gRPC Server started, listening on address: *, port: 11700
[2020-10-15 11:25:23.924] [main] [INFO ] com.htht.ReportTest - Started ReportTest in 12.413 seconds (JVM running for 14.386)
[2020-10-15 11:25:24.515] [main] [INFO ] io.lettuce.core.EpollProvider - Starting without optional epoll library
[2020-10-15 11:25:24.520] [main] [INFO ] io.lettuce.core.KqueueProvider - Starting without optional kqueue library
[2020-10-15 11:25:25.654] [grpc-worker-timing-pool-0] [INFO ] com.piesat.common.config.TimingConfig - ==执行服务发现线程==
[2020-10-15 11:25:25.654] [grpc-worker-timing-pool-1] [INFO ] com.piesat.common.config.TimingConfig - ==执行心跳监测线程==
[2020-10-15 11:25:26.234] [Thread-2] [INFO ] n.d.b.g.server.serverfactory.GrpcServerLifecycle - gRPC server shutdown.
[2020-10-15 11:25:26.244] [Thread-2] [INFO ] n.d.b.g.c.nameresolver.NameResolverRegistration - net.devh.boot.grpc.server.nameresolver.SelfNameResolverFactory@126254ec was removed from the NameResolverRegistry
[2020-10-15 11:27:35.317] [main] [INFO ] com.htht.ReportTest - Starting ReportTest on DESKTOP-B511OAC with PID 18552 (started by admin in D:\gitcangku\monitor8\oap-server\server-starter-boot\server-starter-boot-schedule)
[2020-10-15 11:27:35.328] [main] [INFO ] com.htht.ReportTest - No active profile set, falling back to default profiles: default
[2020-10-15 11:27:39.504] [main] [INFO ] o.s.d.r.config.RepositoryConfigurationDelegate - Multiple Spring Data modules found, entering strict repository configuration mode!
[2020-10-15 11:27:39.514] [main] [INFO ] o.s.d.r.config.RepositoryConfigurationDelegate - Bootstrapping Spring Data repositories in DEFAULT mode.
[2020-10-15 11:27:39.625] [main] [INFO ] o.s.d.r.config.RepositoryConfigurationDelegate - Finished Spring Data repository scanning in 70ms. Found 0 repository interfaces.
[2020-10-15 11:27:40.466] [main] [INFO ] o.a.s.o.s.l.c.elasticsearch.ElasticSearchClient - elasticsearch cluster nodes: 10.1.100.35:9200
[2020-10-15 11:27:44.801] [main] [INFO ] n.d.b.g.c.nameresolver.NameResolverRegistration - net.devh.boot.grpc.server.nameresolver.SelfNameResolverFactory@1dfe5dd1 is available -> Added to the NameResolverRegistry
[2020-10-15 11:27:45.792] [main] [INFO ] n.d.b.g.s.serverfactory.AbstractGrpcServerFactory - Registered gRPC service: CommonService, bean: commonService, class: com.piesat.common.grpc.service.CommonService
[2020-10-15 11:27:46.857] [main] [INFO ] n.d.b.g.server.serverfactory.GrpcServerLifecycle - gRPC Server started, listening on address: *, port: 11700
[2020-10-15 11:27:46.877] [main] [INFO ] com.htht.ReportTest - Started ReportTest in 13.477 seconds (JVM running for 16.017)
[2020-10-15 11:27:47.513] [main] [INFO ] io.lettuce.core.EpollProvider - Starting without optional epoll library
[2020-10-15 11:27:47.515] [main] [INFO ] io.lettuce.core.KqueueProvider - Starting without optional kqueue library
[2020-10-15 11:27:48.651] [grpc-worker-timing-pool-0] [INFO ] com.piesat.common.config.TimingConfig - ==执行服务发现线程==
[2020-10-15 11:27:48.651] [grpc-worker-timing-pool-1] [INFO ] com.piesat.common.config.TimingConfig - ==执行心跳监测线程==
[2020-10-15 11:28:29.854] [Thread-2] [INFO ] n.d.b.g.server.serverfactory.GrpcServerLifecycle - gRPC server shutdown.
[2020-10-15 11:28:29.861] [Thread-2] [INFO ] n.d.b.g.c.nameresolver.NameResolverRegistration - net.devh.boot.grpc.server.nameresolver.SelfNameResolverFactory@1dfe5dd1 was removed from the NameResolverRegistry
[2020-10-15 14:11:50.212] [main] [INFO ] com.htht.ReportTest - Starting ReportTest on DESKTOP-B511OAC with PID 13276 (started by admin in D:\gitcangku\monitor8\oap-server\server-starter-boot\server-starter-boot-schedule)
[2020-10-15 14:11:50.215] [main] [INFO ] com.htht.ReportTest - No active profile set, falling back to default profiles: default
[2020-10-15 14:11:53.959] [main] [INFO ] o.s.d.r.config.RepositoryConfigurationDelegate - Multiple Spring Data modules found, entering strict repository configuration mode!
[2020-10-15 14:11:53.968] [main] [INFO ] o.s.d.r.config.RepositoryConfigurationDelegate - Bootstrapping Spring Data repositories in DEFAULT mode.
[2020-10-15 14:11:54.093] [main] [INFO ] o.s.d.r.config.RepositoryConfigurationDelegate - Finished Spring Data repository scanning in 90ms. Found 0 repository interfaces.
[2020-10-15 14:11:55.223] [main] [INFO ] o.a.s.o.s.l.c.elasticsearch.ElasticSearchClient - elasticsearch cluster nodes: 10.1.100.35:9200
[2020-10-15 14:12:00.403] [main] [INFO ] n.d.b.g.c.nameresolver.NameResolverRegistration - net.devh.boot.grpc.server.nameresolver.SelfNameResolverFactory@34bddf43 is available -> Added to the NameResolverRegistry
[2020-10-15 14:12:01.605] [main] [INFO ] n.d.b.g.s.serverfactory.AbstractGrpcServerFactory - Registered gRPC service: CommonService, bean: commonService, class: com.piesat.common.grpc.service.CommonService
[2020-10-15 14:12:02.825] [main] [INFO ] n.d.b.g.server.serverfactory.GrpcServerLifecycle - gRPC Server started, listening on address: *, port: 11700
[2020-10-15 14:12:02.838] [main] [INFO ] com.htht.ReportTest - Started ReportTest in 14.486 seconds (JVM running for 17.803)
[2020-10-15 14:12:03.413] [main] [INFO ] io.lettuce.core.EpollProvider - Starting without optional epoll library
[2020-10-15 14:12:03.415] [main] [INFO ] io.lettuce.core.KqueueProvider - Starting without optional kqueue library
[2020-10-15 14:12:04.435] [grpc-worker-timing-pool-0] [INFO ] com.piesat.common.config.TimingConfig - ==执行服务发现线程==
[2020-10-15 14:12:04.436] [grpc-worker-timing-pool-1] [INFO ] com.piesat.common.config.TimingConfig - ==执行心跳监测线程==
[2020-10-15 14:14:16.640] [grpc-worker-timing-pool-1] [INFO ] com.piesat.common.config.TimingConfig - ==执行心跳监测线程==
[2020-10-15 14:14:16.687] [Thread-2] [INFO ] n.d.b.g.server.serverfactory.GrpcServerLifecycle - gRPC server shutdown.
[2020-10-15 14:14:16.705] [Thread-2] [INFO ] n.d.b.g.c.nameresolver.NameResolverRegistration - net.devh.boot.grpc.server.nameresolver.SelfNameResolverFactory@34bddf43 was removed from the NameResolverRegistry
[2020-10-15 14:14:16.839] [grpc-worker-timing-pool-0] [INFO ] com.piesat.common.config.TimingConfig - grpc服务发现定时线程异常
[2020-10-15 14:14:29.933] [main] [INFO ] com.htht.ReportTest - Starting ReportTest on DESKTOP-B511OAC with PID 3972 (started by admin in D:\gitcangku\monitor8\oap-server\server-starter-boot\server-starter-boot-schedule)
[2020-10-15 14:14:29.938] [main] [INFO ] com.htht.ReportTest - No active profile set, falling back to default profiles: default
[2020-10-15 14:14:32.778] [main] [INFO ] o.s.d.r.config.RepositoryConfigurationDelegate - Multiple Spring Data modules found, entering strict repository configuration mode!
[2020-10-15 14:14:32.786] [main] [INFO ] o.s.d.r.config.RepositoryConfigurationDelegate - Bootstrapping Spring Data repositories in DEFAULT mode.
[2020-10-15 14:14:32.878] [main] [INFO ] o.s.d.r.config.RepositoryConfigurationDelegate - Finished Spring Data repository scanning in 48ms. Found 0 repository interfaces.
[2020-10-15 14:14:33.823] [main] [INFO ] o.a.s.o.s.l.c.elasticsearch.ElasticSearchClient - elasticsearch cluster nodes: 10.1.100.35:9200
[2020-10-15 14:14:38.524] [main] [INFO ] n.d.b.g.c.nameresolver.NameResolverRegistration - net.devh.boot.grpc.server.nameresolver.SelfNameResolverFactory@22a63740 is available -> Added to the NameResolverRegistry
[2020-10-15 14:14:39.643] [main] [INFO ] n.d.b.g.s.serverfactory.AbstractGrpcServerFactory - Registered gRPC service: CommonService, bean: commonService, class: com.piesat.common.grpc.service.CommonService
[2020-10-15 14:14:40.867] [main] [INFO ] n.d.b.g.server.serverfactory.GrpcServerLifecycle - gRPC Server started, listening on address: *, port: 11700
[2020-10-15 14:14:40.892] [main] [INFO ] com.htht.ReportTest - Started ReportTest in 12.328 seconds (JVM running for 14.724)
[2020-10-15 14:14:41.927] [main] [INFO ] io.lettuce.core.EpollProvider - Starting without optional epoll library
[2020-10-15 14:14:41.930] [main] [INFO ] io.lettuce.core.KqueueProvider - Starting without optional kqueue library
[2020-10-15 14:14:43.391] [grpc-worker-timing-pool-0] [INFO ] com.piesat.common.config.TimingConfig - ==执行服务发现线程==
[2020-10-15 14:14:43.391] [grpc-worker-timing-pool-1] [INFO ] com.piesat.common.config.TimingConfig - ==执行心跳监测线程==
[2020-10-15 14:14:47.401] [Thread-2] [INFO ] n.d.b.g.server.serverfactory.GrpcServerLifecycle - gRPC server shutdown.
[2020-10-15 14:14:47.409] [Thread-2] [INFO ] n.d.b.g.c.nameresolver.NameResolverRegistration - net.devh.boot.grpc.server.nameresolver.SelfNameResolverFactory@22a63740 was removed from the NameResolverRegistry
[2020-10-15 14:15:22.208] [main] [INFO ] com.htht.ReportTest - Starting ReportTest on DESKTOP-B511OAC with PID 20144 (started by admin in D:\gitcangku\monitor8\oap-server\server-starter-boot\server-starter-boot-schedule)
[2020-10-15 14:15:22.211] [main] [INFO ] com.htht.ReportTest - No active profile set, falling back to default profiles: default
[2020-10-15 14:15:25.053] [main] [INFO ] o.s.d.r.config.RepositoryConfigurationDelegate - Multiple Spring Data modules found, entering strict repository configuration mode!
[2020-10-15 14:15:25.064] [main] [INFO ] o.s.d.r.config.RepositoryConfigurationDelegate - Bootstrapping Spring Data repositories in DEFAULT mode.
[2020-10-15 14:15:25.163] [main] [INFO ] o.s.d.r.config.RepositoryConfigurationDelegate - Finished Spring Data repository scanning in 63ms. Found 0 repository interfaces.
[2020-10-15 14:15:25.906] [main] [INFO ] o.a.s.o.s.l.c.elasticsearch.ElasticSearchClient - elasticsearch cluster nodes: 10.1.100.35:9200
[2020-10-15 14:15:30.309] [main] [INFO ] n.d.b.g.c.nameresolver.NameResolverRegistration - net.devh.boot.grpc.server.nameresolver.SelfNameResolverFactory@714bffd5 is available -> Added to the NameResolverRegistry
[2020-10-15 14:15:31.382] [main] [INFO ] n.d.b.g.s.serverfactory.AbstractGrpcServerFactory - Registered gRPC service: CommonService, bean: commonService, class: com.piesat.common.grpc.service.CommonService
[2020-10-15 14:15:32.527] [main] [INFO ] n.d.b.g.server.serverfactory.GrpcServerLifecycle - gRPC Server started, listening on address: *, port: 11700
[2020-10-15 14:15:32.540] [main] [INFO ] com.htht.ReportTest - Started ReportTest in 11.842 seconds (JVM running for 14.067)
[2020-10-15 14:15:33.114] [main] [INFO ] io.lettuce.core.EpollProvider - Starting without optional epoll library
[2020-10-15 14:15:33.117] [main] [INFO ] io.lettuce.core.KqueueProvider - Starting without optional kqueue library
[2020-10-15 14:15:34.127] [grpc-worker-timing-pool-0] [INFO ] com.piesat.common.config.TimingConfig - ==执行服务发现线程==
[2020-10-15 14:15:34.128] [grpc-worker-timing-pool-1] [INFO ] com.piesat.common.config.TimingConfig - ==执行心跳监测线程==
[2020-10-15 14:30:30.516] [grpc-worker-timing-pool-1] [INFO ] com.piesat.common.config.TimingConfig - ==执行心跳监测线程==
[2020-10-15 14:30:30.558] [Thread-2] [INFO ] n.d.b.g.server.serverfactory.GrpcServerLifecycle - gRPC server shutdown.
[2020-10-15 14:30:30.571] [Thread-2] [INFO ] n.d.b.g.c.nameresolver.NameResolverRegistration - net.devh.boot.grpc.server.nameresolver.SelfNameResolverFactory@714bffd5 was removed from the NameResolverRegistry
[2020-10-15 14:30:30.698] [grpc-worker-timing-pool-0] [INFO ] com.piesat.common.config.TimingConfig - grpc服务发现定时线程异常
[2020-10-15 14:30:45.070] [main] [INFO ] com.htht.ReportTest - Starting ReportTest on DESKTOP-B511OAC with PID 8716 (started by admin in D:\gitcangku\monitor8\oap-server\server-starter-boot\server-starter-boot-schedule)
[2020-10-15 14:30:45.072] [main] [INFO ] com.htht.ReportTest - No active profile set, falling back to default profiles: default
[2020-10-15 14:30:47.845] [main] [INFO ] o.s.d.r.config.RepositoryConfigurationDelegate - Multiple Spring Data modules found, entering strict repository configuration mode!
[2020-10-15 14:30:47.855] [main] [INFO ] o.s.d.r.config.RepositoryConfigurationDelegate - Bootstrapping Spring Data repositories in DEFAULT mode.
[2020-10-15 14:30:47.960] [main] [INFO ] o.s.d.r.config.RepositoryConfigurationDelegate - Finished Spring Data repository scanning in 65ms. Found 0 repository interfaces.
[2020-10-15 14:30:48.778] [main] [INFO ] o.a.s.o.s.l.c.elasticsearch.ElasticSearchClient - elasticsearch cluster nodes: 10.1.100.35:9200
[2020-10-15 14:30:53.223] [main] [INFO ] n.d.b.g.c.nameresolver.NameResolverRegistration - net.devh.boot.grpc.server.nameresolver.SelfNameResolverFactory@4f7ba0af is available -> Added to the NameResolverRegistry
[2020-10-15 14:30:54.317] [main] [INFO ] n.d.b.g.s.serverfactory.AbstractGrpcServerFactory - Registered gRPC service: CommonService, bean: commonService, class: com.piesat.common.grpc.service.CommonService
[2020-10-15 14:30:55.553] [main] [INFO ] n.d.b.g.server.serverfactory.GrpcServerLifecycle - gRPC Server started, listening on address: *, port: 11700
[2020-10-15 14:30:55.567] [main] [INFO ] com.htht.ReportTest - Started ReportTest in 12.007 seconds (JVM running for 14.267)
[2020-10-15 14:30:56.258] [main] [INFO ] io.lettuce.core.EpollProvider - Starting without optional epoll library
[2020-10-15 14:30:56.260] [main] [INFO ] io.lettuce.core.KqueueProvider - Starting without optional kqueue library
[2020-10-15 14:30:57.449] [grpc-worker-timing-pool-0] [INFO ] com.piesat.common.config.TimingConfig - ==执行服务发现线程==
[2020-10-15 14:30:57.450] [grpc-worker-timing-pool-1] [INFO ] com.piesat.common.config.TimingConfig - ==执行心跳监测线程==
[2020-10-15 14:30:58.085] [Thread-2] [INFO ] n.d.b.g.server.serverfactory.GrpcServerLifecycle - gRPC server shutdown.
[2020-10-15 14:30:58.093] [Thread-2] [INFO ] n.d.b.g.c.nameresolver.NameResolverRegistration - net.devh.boot.grpc.server.nameresolver.SelfNameResolverFactory@4f7ba0af was removed from the NameResolverRegistry
[2020-10-15 14:32:01.974] [main] [INFO ] com.htht.ReportTest - Starting ReportTest on DESKTOP-B511OAC with PID 19464 (started by admin in D:\gitcangku\monitor8\oap-server\server-starter-boot\server-starter-boot-schedule)
[2020-10-15 14:32:01.976] [main] [INFO ] com.htht.ReportTest - No active profile set, falling back to default profiles: default
[2020-10-15 14:32:05.082] [main] [INFO ] o.s.d.r.config.RepositoryConfigurationDelegate - Multiple Spring Data modules found, entering strict repository configuration mode!
[2020-10-15 14:32:05.091] [main] [INFO ] o.s.d.r.config.RepositoryConfigurationDelegate - Bootstrapping Spring Data repositories in DEFAULT mode.
[2020-10-15 14:32:05.174] [main] [INFO ] o.s.d.r.config.RepositoryConfigurationDelegate - Finished Spring Data repository scanning in 46ms. Found 0 repository interfaces.
[2020-10-15 14:32:05.883] [main] [INFO ] o.a.s.o.s.l.c.elasticsearch.ElasticSearchClient - elasticsearch cluster nodes: 10.1.100.35:9200
[2020-10-15 14:32:10.245] [main] [INFO ] n.d.b.g.c.nameresolver.NameResolverRegistration - net.devh.boot.grpc.server.nameresolver.SelfNameResolverFactory@76fc5687 is available -> Added to the NameResolverRegistry
[2020-10-15 14:32:11.322] [main] [INFO ] n.d.b.g.s.serverfactory.AbstractGrpcServerFactory - Registered gRPC service: CommonService, bean: commonService, class: com.piesat.common.grpc.service.CommonService
[2020-10-15 14:32:12.517] [main] [INFO ] n.d.b.g.server.serverfactory.GrpcServerLifecycle - gRPC Server started, listening on address: *, port: 11700
[2020-10-15 14:32:12.530] [main] [INFO ] com.htht.ReportTest - Started ReportTest in 12.382 seconds (JVM running for 14.869)
[2020-10-15 14:32:13.088] [main] [INFO ] io.lettuce.core.EpollProvider - Starting without optional epoll library
[2020-10-15 14:32:13.090] [main] [INFO ] io.lettuce.core.KqueueProvider - Starting without optional kqueue library
[2020-10-15 14:32:14.105] [grpc-worker-timing-pool-0] [INFO ] com.piesat.common.config.TimingConfig - ==执行服务发现线程==
[2020-10-15 14:32:14.105] [grpc-worker-timing-pool-1] [INFO ] com.piesat.common.config.TimingConfig - ==执行心跳监测线程==
[2020-10-15 14:33:26.715] [grpc-worker-timing-pool-1] [INFO ] com.piesat.common.config.TimingConfig - ==执行心跳监测线程==
[2020-10-15 14:33:26.752] [Thread-2] [INFO ] n.d.b.g.server.serverfactory.GrpcServerLifecycle - gRPC server shutdown.
[2020-10-15 14:33:26.761] [Thread-2] [INFO ] n.d.b.g.c.nameresolver.NameResolverRegistration - net.devh.boot.grpc.server.nameresolver.SelfNameResolverFactory@76fc5687 was removed from the NameResolverRegistry
[2020-10-15 14:33:26.914] [grpc-worker-timing-pool-0] [INFO ] com.piesat.common.config.TimingConfig - grpc服务发现定时线程异常
[2020-10-15 14:34:04.915] [main] [INFO ] com.htht.ReportTest - Starting ReportTest on DESKTOP-B511OAC with PID 17308 (started by admin in D:\gitcangku\monitor8\oap-server\server-starter-boot\server-starter-boot-schedule)
[2020-10-15 14:34:04.917] [main] [INFO ] com.htht.ReportTest - No active profile set, falling back to default profiles: default
[2020-10-15 14:34:07.986] [main] [INFO ] o.s.d.r.config.RepositoryConfigurationDelegate - Multiple Spring Data modules found, entering strict repository configuration mode!
[2020-10-15 14:34:07.998] [main] [INFO ] o.s.d.r.config.RepositoryConfigurationDelegate - Bootstrapping Spring Data repositories in DEFAULT mode.
[2020-10-15 14:34:08.152] [main] [INFO ] o.s.d.r.config.RepositoryConfigurationDelegate - Finished Spring Data repository scanning in 100ms. Found 0 repository interfaces.
[2020-10-15 14:34:08.908] [main] [INFO ] o.a.s.o.s.l.c.elasticsearch.ElasticSearchClient - elasticsearch cluster nodes: 10.1.100.35:9200
[2020-10-15 14:34:13.345] [main] [INFO ] n.d.b.g.c.nameresolver.NameResolverRegistration - net.devh.boot.grpc.server.nameresolver.SelfNameResolverFactory@526893f is available -> Added to the NameResolverRegistry
[2020-10-15 14:34:14.570] [main] [INFO ] n.d.b.g.s.serverfactory.AbstractGrpcServerFactory - Registered gRPC service: CommonService, bean: commonService, class: com.piesat.common.grpc.service.CommonService
[2020-10-15 14:34:15.991] [main] [INFO ] n.d.b.g.server.serverfactory.GrpcServerLifecycle - gRPC Server started, listening on address: *, port: 11700
[2020-10-15 14:34:16.006] [main] [INFO ] com.htht.ReportTest - Started ReportTest in 12.712 seconds (JVM running for 15.168)
[2020-10-15 14:34:16.624] [main] [INFO ] io.lettuce.core.EpollProvider - Starting without optional epoll library
[2020-10-15 14:34:16.627] [main] [INFO ] io.lettuce.core.KqueueProvider - Starting without optional kqueue library
[2020-10-15 14:34:17.701] [grpc-worker-timing-pool-0] [INFO ] com.piesat.common.config.TimingConfig - ==执行服务发现线程==
[2020-10-15 14:34:17.701] [grpc-worker-timing-pool-1] [INFO ] com.piesat.common.config.TimingConfig - ==执行心跳监测线程==
[2020-10-15 14:34:35.517] [grpc-worker-timing-pool-0] [INFO ] com.piesat.common.config.TimingConfig - grpc 10.1.100.1:11800 心跳检测失败
[2020-10-15 14:34:35.526] [Thread-2] [INFO ] n.d.b.g.server.serverfactory.GrpcServerLifecycle - gRPC server shutdown.
[2020-10-15 14:34:35.535] [Thread-2] [INFO ] n.d.b.g.c.nameresolver.NameResolverRegistration - net.devh.boot.grpc.server.nameresolver.SelfNameResolverFactory@526893f was removed from the NameResolverRegistry
[2020-10-15 14:35:11.969] [main] [INFO ] com.htht.ReportTest - Starting ReportTest on DESKTOP-B511OAC with PID 22996 (started by admin in D:\gitcangku\monitor8\oap-server\server-starter-boot\server-starter-boot-schedule)
[2020-10-15 14:35:11.971] [main] [INFO ] com.htht.ReportTest - No active profile set, falling back to default profiles: default
[2020-10-15 14:35:14.918] [main] [INFO ] o.s.d.r.config.RepositoryConfigurationDelegate - Multiple Spring Data modules found, entering strict repository configuration mode!
[2020-10-15 14:35:14.929] [main] [INFO ] o.s.d.r.config.RepositoryConfigurationDelegate - Bootstrapping Spring Data repositories in DEFAULT mode.
[2020-10-15 14:35:15.095] [main] [INFO ] o.s.d.r.config.RepositoryConfigurationDelegate - Finished Spring Data repository scanning in 121ms. Found 0 repository interfaces.
[2020-10-15 14:35:15.945] [main] [INFO ] o.a.s.o.s.l.c.elasticsearch.ElasticSearchClient - elasticsearch cluster nodes: 10.1.100.35:9200
[2020-10-15 14:35:20.442] [main] [INFO ] n.d.b.g.c.nameresolver.NameResolverRegistration - net.devh.boot.grpc.server.nameresolver.SelfNameResolverFactory@44e08a7a is available -> Added to the NameResolverRegistry
[2020-10-15 14:35:21.544] [main] [INFO ] n.d.b.g.s.serverfactory.AbstractGrpcServerFactory - Registered gRPC service: CommonService, bean: commonService, class: com.piesat.common.grpc.service.CommonService
[2020-10-15 14:35:22.720] [main] [INFO ] n.d.b.g.server.serverfactory.GrpcServerLifecycle - gRPC Server started, listening on address: *, port: 11700
[2020-10-15 14:35:22.735] [main] [INFO ] com.htht.ReportTest - Started ReportTest in 12.098 seconds (JVM running for 14.12)
[2020-10-15 14:35:23.424] [main] [INFO ] io.lettuce.core.EpollProvider - Starting without optional epoll library
[2020-10-15 14:35:23.427] [main] [INFO ] io.lettuce.core.KqueueProvider - Starting without optional kqueue library
[2020-10-15 14:35:24.673] [grpc-worker-timing-pool-0] [INFO ] com.piesat.common.config.TimingConfig - ==执行服务发现线程==
[2020-10-15 14:35:24.674] [grpc-worker-timing-pool-1] [INFO ] com.piesat.common.config.TimingConfig - ==执行心跳监测线程==
[2020-10-15 14:39:15.830] [grpc-worker-timing-pool-1] [INFO ] com.piesat.common.config.TimingConfig - ==执行心跳监测线程==
[2020-10-15 14:36:08.891] [grpc-worker-timing-pool-0] [INFO ] com.piesat.common.config.TimingConfig - ==执行服务发现线程==
[2020-10-15 14:39:15.862] [Thread-2] [INFO ] n.d.b.g.server.serverfactory.GrpcServerLifecycle - gRPC server shutdown.
[2020-10-15 14:39:15.871] [Thread-2] [INFO ] n.d.b.g.c.nameresolver.NameResolverRegistration - net.devh.boot.grpc.server.nameresolver.SelfNameResolverFactory@44e08a7a was removed from the NameResolverRegistry
[2020-10-15 14:39:29.849] [main] [INFO ] com.htht.ReportTest - Starting ReportTest on DESKTOP-B511OAC with PID 18884 (started by admin in D:\gitcangku\monitor8\oap-server\server-starter-boot\server-starter-boot-schedule)
[2020-10-15 14:39:29.852] [main] [INFO ] com.htht.ReportTest - No active profile set, falling back to default profiles: default
[2020-10-15 14:39:33.085] [main] [INFO ] o.s.d.r.config.RepositoryConfigurationDelegate - Multiple Spring Data modules found, entering strict repository configuration mode!
[2020-10-15 14:39:33.092] [main] [INFO ] o.s.d.r.config.RepositoryConfigurationDelegate - Bootstrapping Spring Data repositories in DEFAULT mode.
[2020-10-15 14:39:33.174] [main] [INFO ] o.s.d.r.config.RepositoryConfigurationDelegate - Finished Spring Data repository scanning in 48ms. Found 0 repository interfaces.
[2020-10-15 14:39:34.116] [main] [INFO ] o.a.s.o.s.l.c.elasticsearch.ElasticSearchClient - elasticsearch cluster nodes: 10.1.100.35:9200
[2020-10-15 14:39:40.766] [main] [INFO ] n.d.b.g.c.nameresolver.NameResolverRegistration - net.devh.boot.grpc.server.nameresolver.SelfNameResolverFactory@537b3be1 is available -> Added to the NameResolverRegistry
[2020-10-15 14:39:42.101] [main] [INFO ] n.d.b.g.s.serverfactory.AbstractGrpcServerFactory - Registered gRPC service: CommonService, bean: commonService, class: com.piesat.common.grpc.service.CommonService
[2020-10-15 14:39:43.454] [main] [INFO ] n.d.b.g.server.serverfactory.GrpcServerLifecycle - gRPC Server started, listening on address: *, port: 11700
[2020-10-15 14:39:43.467] [main] [INFO ] com.htht.ReportTest - Started ReportTest in 15.778 seconds (JVM running for 19.053)
[2020-10-15 14:39:44.023] [main] [INFO ] io.lettuce.core.EpollProvider - Starting without optional epoll library
[2020-10-15 14:39:44.025] [main] [INFO ] io.lettuce.core.KqueueProvider - Starting without optional kqueue library
[2020-10-15 14:39:45.143] [grpc-worker-timing-pool-0] [INFO ] com.piesat.common.config.TimingConfig - ==执行服务发现线程==
[2020-10-15 14:39:45.144] [grpc-worker-timing-pool-1] [INFO ] com.piesat.common.config.TimingConfig - ==执行心跳监测线程==
[2020-10-15 14:40:12.356] [Thread-2] [INFO ] n.d.b.g.server.serverfactory.GrpcServerLifecycle - gRPC server shutdown.
[2020-10-15 14:40:12.370] [Thread-2] [INFO ] n.d.b.g.c.nameresolver.NameResolverRegistration - net.devh.boot.grpc.server.nameresolver.SelfNameResolverFactory@537b3be1 was removed from the NameResolverRegistry
[2020-10-15 14:40:30.101] [main] [INFO ] com.htht.ReportTest - Starting ReportTest on DESKTOP-B511OAC with PID 19700 (started by admin in D:\gitcangku\monitor8\oap-server\server-starter-boot\server-starter-boot-schedule)
[2020-10-15 14:40:30.105] [main] [INFO ] com.htht.ReportTest - No active profile set, falling back to default profiles: default
[2020-10-15 14:40:33.292] [main] [INFO ] o.s.d.r.config.RepositoryConfigurationDelegate - Multiple Spring Data modules found, entering strict repository configuration mode!
[2020-10-15 14:40:33.298] [main] [INFO ] o.s.d.r.config.RepositoryConfigurationDelegate - Bootstrapping Spring Data repositories in DEFAULT mode.
[2020-10-15 14:40:33.377] [main] [INFO ] o.s.d.r.config.RepositoryConfigurationDelegate - Finished Spring Data repository scanning in 46ms. Found 0 repository interfaces.
[2020-10-15 14:40:34.131] [main] [INFO ] o.a.s.o.s.l.c.elasticsearch.ElasticSearchClient - elasticsearch cluster nodes: 10.1.100.35:9200
[2020-10-15 14:40:38.626] [main] [INFO ] n.d.b.g.c.nameresolver.NameResolverRegistration - net.devh.boot.grpc.server.nameresolver.SelfNameResolverFactory@4407b042 is available -> Added to the NameResolverRegistry
[2020-10-15 14:40:39.718] [main] [INFO ] n.d.b.g.s.serverfactory.AbstractGrpcServerFactory - Registered gRPC service: CommonService, bean: commonService, class: com.piesat.common.grpc.service.CommonService
[2020-10-15 14:40:40.745] [main] [INFO ] n.d.b.g.server.serverfactory.GrpcServerLifecycle - gRPC Server started, listening on address: *, port: 11700
[2020-10-15 14:40:40.759] [main] [INFO ] com.htht.ReportTest - Started ReportTest in 12.067 seconds (JVM running for 14.206)
[2020-10-15 14:40:41.391] [main] [INFO ] io.lettuce.core.EpollProvider - Starting without optional epoll library
[2020-10-15 14:40:41.394] [main] [INFO ] io.lettuce.core.KqueueProvider - Starting without optional kqueue library
[2020-10-15 14:40:42.643] [grpc-worker-timing-pool-0] [INFO ] com.piesat.common.config.TimingConfig - ==执行服务发现线程==
[2020-10-15 14:40:42.643] [grpc-worker-timing-pool-1] [INFO ] com.piesat.common.config.TimingConfig - ==执行心跳监测线程==
[2020-10-15 14:49:56.185] [grpc-worker-timing-pool-0] [INFO ] com.piesat.common.config.TimingConfig - ==执行服务发现线程==
[2020-10-15 14:49:56.186] [grpc-worker-timing-pool-1] [INFO ] com.piesat.common.config.TimingConfig - ==执行心跳监测线程==
[2020-10-15 14:49:57.801] [Thread-2] [INFO ] n.d.b.g.server.serverfactory.GrpcServerLifecycle - gRPC server shutdown.
[2020-10-15 14:49:57.811] [Thread-2] [INFO ] n.d.b.g.c.nameresolver.NameResolverRegistration - net.devh.boot.grpc.server.nameresolver.SelfNameResolverFactory@4407b042 was removed from the NameResolverRegistry
[2020-10-15 14:50:07.587] [main] [INFO ] com.htht.ReportTest - Starting ReportTest on DESKTOP-B511OAC with PID 16404 (started by admin in D:\gitcangku\monitor8\oap-server\server-starter-boot\server-starter-boot-schedule)
[2020-10-15 14:50:07.590] [main] [INFO ] com.htht.ReportTest - No active profile set, falling back to default profiles: default
[2020-10-15 14:50:10.664] [main] [INFO ] o.s.d.r.config.RepositoryConfigurationDelegate - Multiple Spring Data modules found, entering strict repository configuration mode!
[2020-10-15 14:50:10.672] [main] [INFO ] o.s.d.r.config.RepositoryConfigurationDelegate - Bootstrapping Spring Data repositories in DEFAULT mode.
[2020-10-15 14:50:10.772] [main] [INFO ] o.s.d.r.config.RepositoryConfigurationDelegate - Finished Spring Data repository scanning in 57ms. Found 0 repository interfaces.
[2020-10-15 14:50:11.664] [main] [INFO ] o.a.s.o.s.l.c.elasticsearch.ElasticSearchClient - elasticsearch cluster nodes: 10.1.100.35:9200
[2020-10-15 14:50:17.113] [main] [INFO ] n.d.b.g.c.nameresolver.NameResolverRegistration - net.devh.boot.grpc.server.nameresolver.SelfNameResolverFactory@7a7f9d45 is available -> Added to the NameResolverRegistry
[2020-10-15 14:50:18.234] [main] [INFO ] n.d.b.g.s.serverfactory.AbstractGrpcServerFactory - Registered gRPC service: CommonService, bean: commonService, class: com.piesat.common.grpc.service.CommonService
[2020-10-15 14:50:19.481] [main] [INFO ] n.d.b.g.server.serverfactory.GrpcServerLifecycle - gRPC Server started, listening on address: *, port: 11700
[2020-10-15 14:50:19.493] [main] [INFO ] com.htht.ReportTest - Started ReportTest in 13.376 seconds (JVM running for 15.447)
[2020-10-15 14:50:20.094] [main] [INFO ] io.lettuce.core.EpollProvider - Starting without optional epoll library
[2020-10-15 14:50:20.098] [main] [INFO ] io.lettuce.core.KqueueProvider - Starting without optional kqueue library
[2020-10-15 14:50:21.189] [grpc-worker-timing-pool-0] [INFO ] com.piesat.common.config.TimingConfig - ==执行服务发现线程==
[2020-10-15 14:50:21.189] [grpc-worker-timing-pool-1] [INFO ] com.piesat.common.config.TimingConfig - ==执行心跳监测线程==
[2020-10-15 14:51:30.747] [grpc-worker-timing-pool-1] [INFO ] com.piesat.common.config.TimingConfig - ==执行心跳监测线程==
[2020-10-15 14:51:30.747] [grpc-worker-timing-pool-0] [INFO ] com.piesat.common.config.TimingConfig - ==执行服务发现线程==
[2020-10-15 14:51:30.776] [Thread-2] [INFO ] n.d.b.g.server.serverfactory.GrpcServerLifecycle - gRPC server shutdown.
[2020-10-15 14:51:30.786] [Thread-2] [INFO ] n.d.b.g.c.nameresolver.NameResolverRegistration - net.devh.boot.grpc.server.nameresolver.SelfNameResolverFactory@7a7f9d45 was removed from the NameResolverRegistry
[2020-10-15 14:51:41.963] [main] [INFO ] com.htht.ReportTest - Starting ReportTest on DESKTOP-B511OAC with PID 4784 (started by admin in D:\gitcangku\monitor8\oap-server\server-starter-boot\server-starter-boot-schedule)
[2020-10-15 14:51:41.966] [main] [INFO ] com.htht.ReportTest - No active profile set, falling back to default profiles: default
[2020-10-15 14:51:45.219] [main] [INFO ] o.s.d.r.config.RepositoryConfigurationDelegate - Multiple Spring Data modules found, entering strict repository configuration mode!
[2020-10-15 14:51:45.227] [main] [INFO ] o.s.d.r.config.RepositoryConfigurationDelegate - Bootstrapping Spring Data repositories in DEFAULT mode.
[2020-10-15 14:51:45.319] [main] [INFO ] o.s.d.r.config.RepositoryConfigurationDelegate - Finished Spring Data repository scanning in 59ms. Found 0 repository interfaces.
[2020-10-15 14:51:46.183] [main] [INFO ] o.a.s.o.s.l.c.elasticsearch.ElasticSearchClient - elasticsearch cluster nodes: 10.1.100.35:9200
[2020-10-15 14:51:50.680] [main] [INFO ] n.d.b.g.c.nameresolver.NameResolverRegistration - net.devh.boot.grpc.server.nameresolver.SelfNameResolverFactory@bfd97fb is available -> Added to the NameResolverRegistry
[2020-10-15 14:51:51.797] [main] [INFO ] n.d.b.g.s.serverfactory.AbstractGrpcServerFactory - Registered gRPC service: CommonService, bean: commonService, class: com.piesat.common.grpc.service.CommonService
[2020-10-15 14:51:52.925] [main] [INFO ] n.d.b.g.server.serverfactory.GrpcServerLifecycle - gRPC Server started, listening on address: *, port: 11700
[2020-10-15 14:51:52.939] [main] [INFO ] com.htht.ReportTest - Started ReportTest in 12.578 seconds (JVM running for 15.01)
[2020-10-15 14:51:53.521] [main] [INFO ] io.lettuce.core.EpollProvider - Starting without optional epoll library
[2020-10-15 14:51:53.525] [main] [INFO ] io.lettuce.core.KqueueProvider - Starting without optional kqueue library
[2020-10-15 14:51:54.585] [grpc-worker-timing-pool-0] [INFO ] com.piesat.common.config.TimingConfig - ==执行服务发现线程==
[2020-10-15 14:51:54.586] [grpc-worker-timing-pool-1] [INFO ] com.piesat.common.config.TimingConfig - ==执行心跳监测线程==
[2020-10-15 14:53:12.574] [grpc-worker-timing-pool-0] [INFO ] com.piesat.common.config.TimingConfig - ==执行服务发现线程==
[2020-10-15 14:53:16.303] [grpc-worker-timing-pool-1] [INFO ] com.piesat.common.config.TimingConfig - ==执行心跳监测线程==
[2020-10-15 14:53:17.886] [Thread-2] [INFO ] n.d.b.g.server.serverfactory.GrpcServerLifecycle - gRPC server shutdown.
[2020-10-15 14:53:17.898] [Thread-2] [INFO ] n.d.b.g.c.nameresolver.NameResolverRegistration - net.devh.boot.grpc.server.nameresolver.SelfNameResolverFactory@bfd97fb was removed from the NameResolverRegistry
[2020-10-15 14:53:35.973] [main] [INFO ] com.htht.ReportTest - Starting ReportTest on DESKTOP-B511OAC with PID 16560 (started by admin in D:\gitcangku\monitor8\oap-server\server-starter-boot\server-starter-boot-schedule)
[2020-10-15 14:53:35.976] [main] [INFO ] com.htht.ReportTest - No active profile set, falling back to default profiles: default
[2020-10-15 14:53:38.750] [main] [INFO ] o.s.d.r.config.RepositoryConfigurationDelegate - Multiple Spring Data modules found, entering strict repository configuration mode!
[2020-10-15 14:53:38.758] [main] [INFO ] o.s.d.r.config.RepositoryConfigurationDelegate - Bootstrapping Spring Data repositories in DEFAULT mode.
[2020-10-15 14:53:38.837] [main] [INFO ] o.s.d.r.config.RepositoryConfigurationDelegate - Finished Spring Data repository scanning in 52ms. Found 0 repository interfaces.
[2020-10-15 14:53:39.581] [main] [INFO ] o.a.s.o.s.l.c.elasticsearch.ElasticSearchClient - elasticsearch cluster nodes: 10.1.100.35:9200
[2020-10-15 14:53:44.078] [main] [INFO ] n.d.b.g.c.nameresolver.NameResolverRegistration - net.devh.boot.grpc.server.nameresolver.SelfNameResolverFactory@335b3d6 is available -> Added to the NameResolverRegistry
[2020-10-15 14:53:45.230] [main] [INFO ] n.d.b.g.s.serverfactory.AbstractGrpcServerFactory - Registered gRPC service: CommonService, bean: commonService, class: com.piesat.common.grpc.service.CommonService
[2020-10-15 14:53:46.592] [main] [INFO ] n.d.b.g.server.serverfactory.GrpcServerLifecycle - gRPC Server started, listening on address: *, port: 11700
[2020-10-15 14:53:46.605] [main] [INFO ] com.htht.ReportTest - Started ReportTest in 11.838 seconds (JVM running for 13.88)
[2020-10-15 14:53:47.276] [main] [INFO ] io.lettuce.core.EpollProvider - Starting without optional epoll library
[2020-10-15 14:53:47.278] [main] [INFO ] io.lettuce.core.KqueueProvider - Starting without optional kqueue library
[2020-10-15 14:53:48.422] [grpc-worker-timing-pool-0] [INFO ] com.piesat.common.config.TimingConfig - ==执行服务发现线程==
[2020-10-15 14:53:48.422] [grpc-worker-timing-pool-1] [INFO ] com.piesat.common.config.TimingConfig - ==执行心跳监测线程==
[2020-10-15 14:54:37.947] [grpc-worker-timing-pool-0] [INFO ] com.piesat.common.config.TimingConfig - ==执行服务发现线程==
[2020-10-15 14:54:37.980] [Thread-2] [INFO ] n.d.b.g.server.serverfactory.GrpcServerLifecycle - gRPC server shutdown.
[2020-10-15 14:54:37.988] [Thread-2] [INFO ] n.d.b.g.c.nameresolver.NameResolverRegistration - net.devh.boot.grpc.server.nameresolver.SelfNameResolverFactory@335b3d6 was removed from the NameResolverRegistry
[2020-10-15 14:54:49.290] [main] [INFO ] com.htht.ReportTest - Starting ReportTest on DESKTOP-B511OAC with PID 10660 (started by admin in D:\gitcangku\monitor8\oap-server\server-starter-boot\server-starter-boot-schedule)
[2020-10-15 14:54:49.293] [main] [INFO ] com.htht.ReportTest - No active profile set, falling back to default profiles: default
[2020-10-15 14:54:51.751] [main] [INFO ] o.s.d.r.config.RepositoryConfigurationDelegate - Multiple Spring Data modules found, entering strict repository configuration mode!
[2020-10-15 14:54:51.758] [main] [INFO ] o.s.d.r.config.RepositoryConfigurationDelegate - Bootstrapping Spring Data repositories in DEFAULT mode.
[2020-10-15 14:54:51.832] [main] [INFO ] o.s.d.r.config.RepositoryConfigurationDelegate - Finished Spring Data repository scanning in 45ms. Found 0 repository interfaces.
[2020-10-15 14:54:52.484] [main] [INFO ] o.a.s.o.s.l.c.elasticsearch.ElasticSearchClient - elasticsearch cluster nodes: 10.1.100.35:9200
[2020-10-15 14:54:56.876] [main] [INFO ] n.d.b.g.c.nameresolver.NameResolverRegistration - net.devh.boot.grpc.server.nameresolver.SelfNameResolverFactory@68479e8b is available -> Added to the NameResolverRegistry
[2020-10-15 14:54:58.062] [main] [INFO ] n.d.b.g.s.serverfactory.AbstractGrpcServerFactory - Registered gRPC service: CommonService, bean: commonService, class: com.piesat.common.grpc.service.CommonService
[2020-10-15 14:54:59.174] [main] [INFO ] n.d.b.g.server.serverfactory.GrpcServerLifecycle - gRPC Server started, listening on address: *, port: 11700
[2020-10-15 14:54:59.189] [main] [INFO ] com.htht.ReportTest - Started ReportTest in 11.0 seconds (JVM running for 14.051)
[2020-10-15 14:54:59.797] [main] [INFO ] io.lettuce.core.EpollProvider - Starting without optional epoll library
[2020-10-15 14:54:59.799] [main] [INFO ] io.lettuce.core.KqueueProvider - Starting without optional kqueue library
[2020-10-15 14:55:00.853] [grpc-worker-timing-pool-0] [INFO ] com.piesat.common.config.TimingConfig - ==执行服务发现线程==
[2020-10-15 14:55:00.853] [grpc-worker-timing-pool-1] [INFO ] com.piesat.common.config.TimingConfig - ==执行心跳监测线程==
[2020-10-15 14:57:15.596] [grpc-worker-timing-pool-1] [INFO ] com.piesat.common.config.TimingConfig - ==执行心跳监测线程==
[2020-10-15 14:57:15.596] [grpc-worker-timing-pool-0] [INFO ] com.piesat.common.config.TimingConfig - ==执行服务发现线程==
[2020-10-15 14:57:15.633] [Thread-2] [INFO ] n.d.b.g.server.serverfactory.GrpcServerLifecycle - gRPC server shutdown.
[2020-10-15 14:57:15.644] [Thread-2] [INFO ] n.d.b.g.c.nameresolver.NameResolverRegistration - net.devh.boot.grpc.server.nameresolver.SelfNameResolverFactory@68479e8b was removed from the NameResolverRegistry
[2020-10-15 14:57:26.538] [main] [INFO ] com.htht.ReportTest - Starting ReportTest on DESKTOP-B511OAC with PID 11280 (started by admin in D:\gitcangku\monitor8\oap-server\server-starter-boot\server-starter-boot-schedule)
[2020-10-15 14:57:26.542] [main] [INFO ] com.htht.ReportTest - No active profile set, falling back to default profiles: default
[2020-10-15 14:57:29.423] [main] [INFO ] o.s.d.r.config.RepositoryConfigurationDelegate - Multiple Spring Data modules found, entering strict repository configuration mode!
[2020-10-15 14:57:29.435] [main] [INFO ] o.s.d.r.config.RepositoryConfigurationDelegate - Bootstrapping Spring Data repositories in DEFAULT mode.
[2020-10-15 14:57:29.534] [main] [INFO ] o.s.d.r.config.RepositoryConfigurationDelegate - Finished Spring Data repository scanning in 56ms. Found 0 repository interfaces.
[2020-10-15 14:57:30.281] [main] [INFO ] o.a.s.o.s.l.c.elasticsearch.ElasticSearchClient - elasticsearch cluster nodes: 10.1.100.35:9200
[2020-10-15 14:57:34.618] [main] [INFO ] n.d.b.g.c.nameresolver.NameResolverRegistration - net.devh.boot.grpc.server.nameresolver.SelfNameResolverFactory@29f8134 is available -> Added to the NameResolverRegistry
[2020-10-15 14:57:35.667] [main] [INFO ] n.d.b.g.s.serverfactory.AbstractGrpcServerFactory - Registered gRPC service: CommonService, bean: commonService, class: com.piesat.common.grpc.service.CommonService
[2020-10-15 14:57:36.713] [main] [INFO ] n.d.b.g.server.serverfactory.GrpcServerLifecycle - gRPC Server started, listening on address: *, port: 11700
[2020-10-15 14:57:36.728] [main] [INFO ] com.htht.ReportTest - Started ReportTest in 11.61 seconds (JVM running for 13.868)
[2020-10-15 14:57:37.285] [main] [INFO ] io.lettuce.core.EpollProvider - Starting without optional epoll library
[2020-10-15 14:57:37.287] [main] [INFO ] io.lettuce.core.KqueueProvider - Starting without optional kqueue library
[2020-10-15 14:57:38.259] [grpc-worker-timing-pool-0] [INFO ] com.piesat.common.config.TimingConfig - ==执行服务发现线程==
[2020-10-15 14:57:38.259] [grpc-worker-timing-pool-1] [INFO ] com.piesat.common.config.TimingConfig - ==执行心跳监测线程==
[2020-10-15 15:00:45.978] [grpc-worker-timing-pool-0] [INFO ] com.piesat.common.config.TimingConfig - ==执行服务发现线程==
[2020-10-15 15:00:45.978] [grpc-worker-timing-pool-1] [INFO ] com.piesat.common.config.TimingConfig - ==执行心跳监测线程==
[2020-10-15 15:00:46.014] [Thread-2] [INFO ] n.d.b.g.server.serverfactory.GrpcServerLifecycle - gRPC server shutdown.
[2020-10-15 15:00:46.025] [Thread-2] [INFO ] n.d.b.g.c.nameresolver.NameResolverRegistration - net.devh.boot.grpc.server.nameresolver.SelfNameResolverFactory@29f8134 was removed from the NameResolverRegistry
[2020-10-15 15:01:03.387] [main] [INFO ] com.htht.ReportTest - Starting ReportTest on DESKTOP-B511OAC with PID 11220 (started by admin in D:\gitcangku\monitor8\oap-server\server-starter-boot\server-starter-boot-schedule)
[2020-10-15 15:01:03.390] [main] [INFO ] com.htht.ReportTest - No active profile set, falling back to default profiles: default
[2020-10-15 15:01:06.442] [main] [INFO ] o.s.d.r.config.RepositoryConfigurationDelegate - Multiple Spring Data modules found, entering strict repository configuration mode!
[2020-10-15 15:01:06.452] [main] [INFO ] o.s.d.r.config.RepositoryConfigurationDelegate - Bootstrapping Spring Data repositories in DEFAULT mode.
[2020-10-15 15:01:06.547] [main] [INFO ] o.s.d.r.config.RepositoryConfigurationDelegate - Finished Spring Data repository scanning in 60ms. Found 0 repository interfaces.
[2020-10-15 15:01:07.365] [main] [INFO ] o.a.s.o.s.l.c.elasticsearch.ElasticSearchClient - elasticsearch cluster nodes: 10.1.100.35:9200
[2020-10-15 15:01:11.704] [main] [INFO ] n.d.b.g.c.nameresolver.NameResolverRegistration - net.devh.boot.grpc.server.nameresolver.SelfNameResolverFactory@3dd750ba is available -> Added to the NameResolverRegistry
[2020-10-15 15:01:12.926] [main] [INFO ] n.d.b.g.s.serverfactory.AbstractGrpcServerFactory - Registered gRPC service: CommonService, bean: commonService, class: com.piesat.common.grpc.service.CommonService
[2020-10-15 15:01:14.098] [main] [INFO ] n.d.b.g.server.serverfactory.GrpcServerLifecycle - gRPC Server started, listening on address: *, port: 11700
[2020-10-15 15:01:14.111] [main] [INFO ] com.htht.ReportTest - Started ReportTest in 12.247 seconds (JVM running for 14.554)
[2020-10-15 15:01:14.866] [main] [INFO ] io.lettuce.core.EpollProvider - Starting without optional epoll library
[2020-10-15 15:01:14.869] [main] [INFO ] io.lettuce.core.KqueueProvider - Starting without optional kqueue library
[2020-10-15 15:01:16.181] [grpc-worker-timing-pool-0] [INFO ] com.piesat.common.config.TimingConfig - ==执行服务发现线程==
[2020-10-15 15:01:16.182] [grpc-worker-timing-pool-1] [INFO ] com.piesat.common.config.TimingConfig - ==执行心跳监测线程==
[2020-10-15 15:01:41.304] [Thread-2] [INFO ] n.d.b.g.server.serverfactory.GrpcServerLifecycle - gRPC server shutdown.
[2020-10-15 15:01:41.313] [Thread-2] [INFO ] n.d.b.g.c.nameresolver.NameResolverRegistration - net.devh.boot.grpc.server.nameresolver.SelfNameResolverFactory@3dd750ba was removed from the NameResolverRegistry
[2020-10-15 15:03:19.740] [main] [INFO ] com.htht.ReportTest - Starting ReportTest on DESKTOP-B511OAC with PID 13068 (started by admin in D:\gitcangku\monitor8\oap-server\server-starter-boot\server-starter-boot-schedule)
[2020-10-15 15:03:19.743] [main] [INFO ] com.htht.ReportTest - No active profile set, falling back to default profiles: default
[2020-10-15 15:03:22.764] [main] [INFO ] o.s.d.r.config.RepositoryConfigurationDelegate - Multiple Spring Data modules found, entering strict repository configuration mode!
[2020-10-15 15:03:22.774] [main] [INFO ] o.s.d.r.config.RepositoryConfigurationDelegate - Bootstrapping Spring Data repositories in DEFAULT mode.
[2020-10-15 15:03:22.867] [main] [INFO ] o.s.d.r.config.RepositoryConfigurationDelegate - Finished Spring Data repository scanning in 58ms. Found 0 repository interfaces.
[2020-10-15 15:03:23.560] [main] [INFO ] o.a.s.o.s.l.c.elasticsearch.ElasticSearchClient - elasticsearch cluster nodes: 10.1.100.35:9200
[2020-10-15 15:03:29.449] [main] [INFO ] n.d.b.g.c.nameresolver.NameResolverRegistration - net.devh.boot.grpc.server.nameresolver.SelfNameResolverFactory@e7e455d is available -> Added to the NameResolverRegistry
[2020-10-15 15:03:30.694] [main] [INFO ] n.d.b.g.s.serverfactory.AbstractGrpcServerFactory - Registered gRPC service: CommonService, bean: commonService, class: com.piesat.common.grpc.service.CommonService
[2020-10-15 15:03:32.155] [main] [INFO ] n.d.b.g.server.serverfactory.GrpcServerLifecycle - gRPC Server started, listening on address: *, port: 11700
[2020-10-15 15:03:32.168] [main] [INFO ] com.htht.ReportTest - Started ReportTest in 14.012 seconds (JVM running for 17.667)
[2020-10-15 15:03:32.800] [main] [INFO ] io.lettuce.core.EpollProvider - Starting without optional epoll library
[2020-10-15 15:03:32.802] [main] [INFO ] io.lettuce.core.KqueueProvider - Starting without optional kqueue library
[2020-10-15 15:03:33.968] [grpc-worker-timing-pool-0] [INFO ] com.piesat.common.config.TimingConfig - ==执行服务发现线程==
[2020-10-15 15:03:33.969] [grpc-worker-timing-pool-1] [INFO ] com.piesat.common.config.TimingConfig - ==执行心跳监测线程==
[2020-10-15 15:06:49.571] [grpc-worker-timing-pool-0] [INFO ] com.piesat.common.config.TimingConfig - ==执行服务发现线程==
[2020-10-15 15:06:49.572] [grpc-worker-timing-pool-1] [INFO ] com.piesat.common.config.TimingConfig - ==执行心跳监测线程==
[2020-10-15 15:06:49.610] [Thread-2] [INFO ] n.d.b.g.server.serverfactory.GrpcServerLifecycle - gRPC server shutdown.
[2020-10-15 15:06:49.637] [Thread-2] [INFO ] n.d.b.g.c.nameresolver.NameResolverRegistration - net.devh.boot.grpc.server.nameresolver.SelfNameResolverFactory@e7e455d was removed from the NameResolverRegistry
[2020-10-15 15:11:10.198] [main] [INFO ] com.htht.ReportTest - Starting ReportTest on DESKTOP-B511OAC with PID 9068 (started by admin in D:\gitcangku\monitor8\oap-server\server-starter-boot\server-starter-boot-schedule)
[2020-10-15 15:11:10.200] [main] [INFO ] com.htht.ReportTest - No active profile set, falling back to default profiles: default
[2020-10-15 15:11:13.216] [main] [INFO ] o.s.d.r.config.RepositoryConfigurationDelegate - Multiple Spring Data modules found, entering strict repository configuration mode!
[2020-10-15 15:11:13.224] [main] [INFO ] o.s.d.r.config.RepositoryConfigurationDelegate - Bootstrapping Spring Data repositories in DEFAULT mode.
[2020-10-15 15:11:13.312] [main] [INFO ] o.s.d.r.config.RepositoryConfigurationDelegate - Finished Spring Data repository scanning in 52ms. Found 0 repository interfaces.
[2020-10-15 15:11:14.057] [main] [INFO ] o.a.s.o.s.l.c.elasticsearch.ElasticSearchClient - elasticsearch cluster nodes: 10.1.100.35:9200
[2020-10-15 15:11:18.357] [main] [INFO ] n.d.b.g.c.nameresolver.NameResolverRegistration - net.devh.boot.grpc.server.nameresolver.SelfNameResolverFactory@4ca5cb99 is available -> Added to the NameResolverRegistry
[2020-10-15 15:11:19.489] [main] [INFO ] n.d.b.g.s.serverfactory.AbstractGrpcServerFactory - Registered gRPC service: CommonService, bean: commonService, class: com.piesat.common.grpc.service.CommonService
[2020-10-15 15:11:20.705] [main] [INFO ] n.d.b.g.server.serverfactory.GrpcServerLifecycle - gRPC Server started, listening on address: *, port: 11700
[2020-10-15 15:11:20.720] [main] [INFO ] com.htht.ReportTest - Started ReportTest in 11.923 seconds (JVM running for 13.973)
[2020-10-15 15:11:21.269] [main] [INFO ] io.lettuce.core.EpollProvider - Starting without optional epoll library
[2020-10-15 15:11:21.272] [main] [INFO ] io.lettuce.core.KqueueProvider - Starting without optional kqueue library
[2020-10-15 15:11:22.295] [grpc-worker-timing-pool-0] [INFO ] com.piesat.common.config.TimingConfig - ==执行服务发现线程==
[2020-10-15 15:11:22.296] [grpc-worker-timing-pool-1] [INFO ] com.piesat.common.config.TimingConfig - ==执行心跳监测线程==
[2020-10-15 15:12:45.812] [grpc-worker-timing-pool-0] [INFO ] com.piesat.common.config.TimingConfig - ==执行服务发现线程==
[2020-10-15 15:12:45.812] [grpc-worker-timing-pool-1] [INFO ] com.piesat.common.config.TimingConfig - ==执行心跳监测线程==
[2020-10-15 15:12:45.836] [Thread-2] [INFO ] n.d.b.g.server.serverfactory.GrpcServerLifecycle - gRPC server shutdown.
[2020-10-15 15:12:45.846] [Thread-2] [INFO ] n.d.b.g.c.nameresolver.NameResolverRegistration - net.devh.boot.grpc.server.nameresolver.SelfNameResolverFactory@4ca5cb99 was removed from the NameResolverRegistry
[2020-10-15 15:27:40.270] [main] [INFO ] com.htht.ReportTest - Starting ReportTest on DESKTOP-B511OAC with PID 6524 (started by admin in D:\gitcangku\monitor8\oap-server\server-starter-boot\server-starter-boot-schedule)
[2020-10-15 15:27:40.273] [main] [INFO ] com.htht.ReportTest - No active profile set, falling back to default profiles: default
[2020-10-15 15:27:43.463] [main] [INFO ] o.s.d.r.config.RepositoryConfigurationDelegate - Multiple Spring Data modules found, entering strict repository configuration mode!
[2020-10-15 15:27:43.476] [main] [INFO ] o.s.d.r.config.RepositoryConfigurationDelegate - Bootstrapping Spring Data repositories in DEFAULT mode.
[2020-10-15 15:27:43.577] [main] [INFO ] o.s.d.r.config.RepositoryConfigurationDelegate - Finished Spring Data repository scanning in 59ms. Found 0 repository interfaces.
[2020-10-15 15:27:44.474] [main] [INFO ] o.a.s.o.s.l.c.elasticsearch.ElasticSearchClient - elasticsearch cluster nodes: 10.1.100.35:9200
[2020-10-15 15:27:49.024] [main] [INFO ] n.d.b.g.c.nameresolver.NameResolverRegistration - net.devh.boot.grpc.server.nameresolver.SelfNameResolverFactory@be616f0 is available -> Added to the NameResolverRegistry
[2020-10-15 15:27:50.124] [main] [INFO ] n.d.b.g.s.serverfactory.AbstractGrpcServerFactory - Registered gRPC service: CommonService, bean: commonService, class: com.piesat.common.grpc.service.CommonService
[2020-10-15 15:27:51.318] [main] [INFO ] n.d.b.g.server.serverfactory.GrpcServerLifecycle - gRPC Server started, listening on address: *, port: 11700
[2020-10-15 15:27:51.331] [main] [INFO ] com.htht.ReportTest - Started ReportTest in 12.697 seconds (JVM running for 15.029)
[2020-10-15 15:27:51.918] [main] [INFO ] io.lettuce.core.EpollProvider - Starting without optional epoll library
[2020-10-15 15:27:51.921] [main] [INFO ] io.lettuce.core.KqueueProvider - Starting without optional kqueue library
[2020-10-15 15:27:52.951] [grpc-worker-timing-pool-0] [INFO ] com.piesat.common.config.TimingConfig - ==执行服务发现线程==
[2020-10-15 15:27:52.952] [grpc-worker-timing-pool-1] [INFO ] com.piesat.common.config.TimingConfig - ==执行心跳监测线程==
[2020-10-15 15:27:53.537] [Thread-2] [INFO ] n.d.b.g.server.serverfactory.GrpcServerLifecycle - gRPC server shutdown.
[2020-10-15 15:27:53.547] [Thread-2] [INFO ] n.d.b.g.c.nameresolver.NameResolverRegistration - net.devh.boot.grpc.server.nameresolver.SelfNameResolverFactory@be616f0 was removed from the NameResolverRegistry
[2020-10-15 15:28:29.118] [main] [INFO ] com.htht.ReportTest - Starting ReportTest on DESKTOP-B511OAC with PID 14636 (started by admin in D:\gitcangku\monitor8\oap-server\server-starter-boot\server-starter-boot-schedule)
[2020-10-15 15:28:29.121] [main] [INFO ] com.htht.ReportTest - No active profile set, falling back to default profiles: default
[2020-10-15 15:28:32.364] [main] [INFO ] o.s.d.r.config.RepositoryConfigurationDelegate - Multiple Spring Data modules found, entering strict repository configuration mode!
[2020-10-15 15:28:32.377] [main] [INFO ] o.s.d.r.config.RepositoryConfigurationDelegate - Bootstrapping Spring Data repositories in DEFAULT mode.
[2020-10-15 15:28:32.487] [main] [INFO ] o.s.d.r.config.RepositoryConfigurationDelegate - Finished Spring Data repository scanning in 62ms. Found 0 repository interfaces.
[2020-10-15 15:28:33.376] [main] [INFO ] o.a.s.o.s.l.c.elasticsearch.ElasticSearchClient - elasticsearch cluster nodes: 10.1.100.35:9200
[2020-10-15 15:28:37.775] [main] [INFO ] n.d.b.g.c.nameresolver.NameResolverRegistration - net.devh.boot.grpc.server.nameresolver.SelfNameResolverFactory@7ee2423 is available -> Added to the NameResolverRegistry
[2020-10-15 15:28:38.886] [main] [INFO ] n.d.b.g.s.serverfactory.AbstractGrpcServerFactory - Registered gRPC service: CommonService, bean: commonService, class: com.piesat.common.grpc.service.CommonService
[2020-10-15 15:28:40.060] [main] [INFO ] n.d.b.g.server.serverfactory.GrpcServerLifecycle - gRPC Server started, listening on address: *, port: 11700
[2020-10-15 15:28:40.074] [main] [INFO ] com.htht.ReportTest - Started ReportTest in 12.577 seconds (JVM running for 15.175)
[2020-10-15 15:28:40.635] [main] [INFO ] io.lettuce.core.EpollProvider - Starting without optional epoll library
[2020-10-15 15:28:40.637] [main] [INFO ] io.lettuce.core.KqueueProvider - Starting without optional kqueue library
[2020-10-15 15:28:41.787] [grpc-worker-timing-pool-0] [INFO ] com.piesat.common.config.TimingConfig - ==执行服务发现线程==
[2020-10-15 15:28:41.787] [grpc-worker-timing-pool-1] [INFO ] com.piesat.common.config.TimingConfig - ==执行心跳监测线程==
[2020-10-15 15:29:17.473] [grpc-worker-timing-pool-0] [INFO ] com.piesat.common.config.TimingConfig - ==执行服务发现线程==
[2020-10-15 15:29:17.498] [Thread-2] [INFO ] n.d.b.g.server.serverfactory.GrpcServerLifecycle - gRPC server shutdown.
[2020-10-15 15:29:17.508] [Thread-2] [INFO ] n.d.b.g.c.nameresolver.NameResolverRegistration - net.devh.boot.grpc.server.nameresolver.SelfNameResolverFactory@7ee2423 was removed from the NameResolverRegistry
[2020-10-15 15:45:08.282] [main] [INFO ] com.htht.ReportTest - Starting ReportTest on DESKTOP-B511OAC with PID 20920 (started by admin in D:\gitcangku\monitor8\oap-server\server-starter-boot\server-starter-boot-schedule)
[2020-10-15 15:45:08.285] [main] [INFO ] com.htht.ReportTest - No active profile set, falling back to default profiles: default
[2020-10-15 15:45:11.844] [main] [INFO ] o.s.d.r.config.RepositoryConfigurationDelegate - Multiple Spring Data modules found, entering strict repository configuration mode!
[2020-10-15 15:45:11.859] [main] [INFO ] o.s.d.r.config.RepositoryConfigurationDelegate - Bootstrapping Spring Data repositories in DEFAULT mode.
[2020-10-15 15:45:11.976] [main] [INFO ] o.s.d.r.config.RepositoryConfigurationDelegate - Finished Spring Data repository scanning in 67ms. Found 0 repository interfaces.
[2020-10-15 15:45:12.847] [main] [INFO ] o.a.s.o.s.l.c.elasticsearch.ElasticSearchClient - elasticsearch cluster nodes: 10.1.100.35:9200
[2020-10-15 15:45:17.461] [main] [INFO ] n.d.b.g.c.nameresolver.NameResolverRegistration - net.devh.boot.grpc.server.nameresolver.SelfNameResolverFactory@664f49f is available -> Added to the NameResolverRegistry
[2020-10-15 15:45:18.588] [main] [INFO ] n.d.b.g.s.serverfactory.AbstractGrpcServerFactory - Registered gRPC service: CommonService, bean: commonService, class: com.piesat.common.grpc.service.CommonService
[2020-10-15 15:45:19.723] [main] [INFO ] n.d.b.g.server.serverfactory.GrpcServerLifecycle - gRPC Server started, listening on address: *, port: 11700
[2020-10-15 15:45:19.739] [main] [INFO ] com.htht.ReportTest - Started ReportTest in 12.977 seconds (JVM running for 15.223)
[2020-10-15 15:45:20.345] [main] [INFO ] io.lettuce.core.EpollProvider - Starting without optional epoll library
[2020-10-15 15:45:20.348] [main] [INFO ] io.lettuce.core.KqueueProvider - Starting without optional kqueue library
[2020-10-15 15:45:21.515] [grpc-worker-timing-pool-0] [INFO ] com.piesat.common.config.TimingConfig - ==执行服务发现线程==
[2020-10-15 15:45:21.516] [grpc-worker-timing-pool-1] [INFO ] com.piesat.common.config.TimingConfig - ==执行心跳监测线程==
[2020-10-15 15:45:30.905] [Thread-2] [INFO ] n.d.b.g.server.serverfactory.GrpcServerLifecycle - gRPC server shutdown.
[2020-10-15 15:45:30.914] [Thread-2] [INFO ] n.d.b.g.c.nameresolver.NameResolverRegistration - net.devh.boot.grpc.server.nameresolver.SelfNameResolverFactory@664f49f was removed from the NameResolverRegistry
[2020-10-15 15:48:55.842] [main] [INFO ] com.htht.ReportTest - Starting ReportTest on DESKTOP-B511OAC with PID 10144 (started by admin in D:\gitcangku\monitor8\oap-server\server-starter-boot\server-starter-boot-schedule)
[2020-10-15 15:48:55.845] [main] [INFO ] com.htht.ReportTest - No active profile set, falling back to default profiles: default
[2020-10-15 15:48:58.899] [main] [INFO ] o.s.d.r.config.RepositoryConfigurationDelegate - Multiple Spring Data modules found, entering strict repository configuration mode!
[2020-10-15 15:48:58.909] [main] [INFO ] o.s.d.r.config.RepositoryConfigurationDelegate - Bootstrapping Spring Data repositories in DEFAULT mode.
[2020-10-15 15:48:59.002] [main] [INFO ] o.s.d.r.config.RepositoryConfigurationDelegate - Finished Spring Data repository scanning in 56ms. Found 0 repository interfaces.
[2020-10-15 15:48:59.741] [main] [INFO ] o.a.s.o.s.l.c.elasticsearch.ElasticSearchClient - elasticsearch cluster nodes: 10.1.100.35:9200
[2020-10-15 15:49:04.427] [main] [INFO ] n.d.b.g.c.nameresolver.NameResolverRegistration - net.devh.boot.grpc.server.nameresolver.SelfNameResolverFactory@7be3abaa is available -> Added to the NameResolverRegistry
[2020-10-15 15:49:05.587] [main] [INFO ] n.d.b.g.s.serverfactory.AbstractGrpcServerFactory - Registered gRPC service: CommonService, bean: commonService, class: com.piesat.common.grpc.service.CommonService
[2020-10-15 15:49:06.866] [main] [INFO ] n.d.b.g.server.serverfactory.GrpcServerLifecycle - gRPC Server started, listening on address: *, port: 11700
[2020-10-15 15:49:06.882] [main] [INFO ] com.htht.ReportTest - Started ReportTest in 12.509 seconds (JVM running for 14.818)
[2020-10-15 15:49:07.447] [main] [INFO ] io.lettuce.core.EpollProvider - Starting without optional epoll library
[2020-10-15 15:49:07.449] [main] [INFO ] io.lettuce.core.KqueueProvider - Starting without optional kqueue library
[2020-10-15 15:49:08.491] [grpc-worker-timing-pool-0] [INFO ] com.piesat.common.config.TimingConfig - ==执行服务发现线程==
[2020-10-15 15:49:08.492] [grpc-worker-timing-pool-1] [INFO ] com.piesat.common.config.TimingConfig - ==执行心跳监测线程==
[2020-10-15 15:49:33.673] [Thread-2] [INFO ] n.d.b.g.server.serverfactory.GrpcServerLifecycle - gRPC server shutdown.
[2020-10-15 15:49:33.684] [Thread-2] [INFO ] n.d.b.g.c.nameresolver.NameResolverRegistration - net.devh.boot.grpc.server.nameresolver.SelfNameResolverFactory@7be3abaa was removed from the NameResolverRegistry
[2020-10-15 15:52:10.534] [main] [INFO ] com.htht.ReportTest - Starting ReportTest on DESKTOP-B511OAC with PID 14572 (started by admin in D:\gitcangku\monitor8\oap-server\server-starter-boot\server-starter-boot-schedule)
[2020-10-15 15:52:10.537] [main] [INFO ] com.htht.ReportTest - No active profile set, falling back to default profiles: default
[2020-10-15 15:52:13.619] [main] [INFO ] o.s.d.r.config.RepositoryConfigurationDelegate - Multiple Spring Data modules found, entering strict repository configuration mode!
[2020-10-15 15:52:13.631] [main] [INFO ] o.s.d.r.config.RepositoryConfigurationDelegate - Bootstrapping Spring Data repositories in DEFAULT mode.
[2020-10-15 15:52:13.726] [main] [INFO ] o.s.d.r.config.RepositoryConfigurationDelegate - Finished Spring Data repository scanning in 59ms. Found 0 repository interfaces.
[2020-10-15 15:52:14.457] [main] [INFO ] o.a.s.o.s.l.c.elasticsearch.ElasticSearchClient - elasticsearch cluster nodes: 10.1.100.35:9200
[2020-10-15 15:52:19.057] [main] [INFO ] n.d.b.g.c.nameresolver.NameResolverRegistration - net.devh.boot.grpc.server.nameresolver.SelfNameResolverFactory@66863941 is available -> Added to the NameResolverRegistry
[2020-10-15 15:52:20.187] [main] [INFO ] n.d.b.g.s.serverfactory.AbstractGrpcServerFactory - Registered gRPC service: CommonService, bean: commonService, class: com.piesat.common.grpc.service.CommonService
[2020-10-15 15:52:21.406] [main] [INFO ] n.d.b.g.server.serverfactory.GrpcServerLifecycle - gRPC Server started, listening on address: *, port: 11700
[2020-10-15 15:52:21.421] [main] [INFO ] com.htht.ReportTest - Started ReportTest in 12.251 seconds (JVM running for 14.437)
[2020-10-15 15:52:22.046] [main] [INFO ] io.lettuce.core.EpollProvider - Starting without optional epoll library
[2020-10-15 15:52:22.050] [main] [INFO ] io.lettuce.core.KqueueProvider - Starting without optional kqueue library
[2020-10-15 15:52:23.141] [grpc-worker-timing-pool-0] [INFO ] com.piesat.common.config.TimingConfig - ==执行服务发现线程==
[2020-10-15 15:52:23.141] [grpc-worker-timing-pool-1] [INFO ] com.piesat.common.config.TimingConfig - ==执行心跳监测线程==
[2020-10-15 15:52:23.820] [Thread-2] [INFO ] n.d.b.g.server.serverfactory.GrpcServerLifecycle - gRPC server shutdown.
[2020-10-15 15:52:23.828] [Thread-2] [INFO ] n.d.b.g.c.nameresolver.NameResolverRegistration - net.devh.boot.grpc.server.nameresolver.SelfNameResolverFactory@66863941 was removed from the NameResolverRegistry
[2020-10-15 15:52:41.750] [main] [INFO ] com.htht.ReportTest - Starting ReportTest on DESKTOP-B511OAC with PID 3696 (started by admin in D:\gitcangku\monitor8\oap-server\server-starter-boot\server-starter-boot-schedule)
[2020-10-15 15:52:41.754] [main] [INFO ] com.htht.ReportTest - No active profile set, falling back to default profiles: default
[2020-10-15 15:52:45.153] [main] [INFO ] o.s.d.r.config.RepositoryConfigurationDelegate - Multiple Spring Data modules found, entering strict repository configuration mode!
[2020-10-15 15:52:45.163] [main] [INFO ] o.s.d.r.config.RepositoryConfigurationDelegate - Bootstrapping Spring Data repositories in DEFAULT mode.
[2020-10-15 15:52:45.279] [main] [INFO ] o.s.d.r.config.RepositoryConfigurationDelegate - Finished Spring Data repository scanning in 71ms. Found 0 repository interfaces.
[2020-10-15 15:52:46.438] [main] [INFO ] o.a.s.o.s.l.c.elasticsearch.ElasticSearchClient - elasticsearch cluster nodes: 10.1.100.35:9200
[2020-10-15 15:52:51.129] [main] [INFO ] n.d.b.g.c.nameresolver.NameResolverRegistration - net.devh.boot.grpc.server.nameresolver.SelfNameResolverFactory@4882b9a is available -> Added to the NameResolverRegistry
[2020-10-15 15:52:53.065] [main] [INFO ] n.d.b.g.s.serverfactory.AbstractGrpcServerFactory - Registered gRPC service: CommonService, bean: commonService, class: com.piesat.common.grpc.service.CommonService
[2020-10-15 15:52:54.990] [main] [INFO ] n.d.b.g.server.serverfactory.GrpcServerLifecycle - gRPC Server started, listening on address: *, port: 11700
[2020-10-15 15:52:55.007] [main] [INFO ] com.htht.ReportTest - Started ReportTest in 14.861 seconds (JVM running for 17.044)
[2020-10-15 15:52:55.768] [main] [INFO ] io.lettuce.core.EpollProvider - Starting without optional epoll library
[2020-10-15 15:52:55.771] [main] [INFO ] io.lettuce.core.KqueueProvider - Starting without optional kqueue library
[2020-10-15 15:52:57.613] [grpc-worker-timing-pool-0] [INFO ] com.piesat.common.config.TimingConfig - ==执行服务发现线程==
[2020-10-15 15:52:57.616] [grpc-worker-timing-pool-1] [INFO ] com.piesat.common.config.TimingConfig - ==执行心跳监测线程==
[2020-10-15 15:52:58.514] [Thread-2] [INFO ] n.d.b.g.server.serverfactory.GrpcServerLifecycle - gRPC server shutdown.
[2020-10-15 15:52:58.525] [Thread-2] [INFO ] n.d.b.g.c.nameresolver.NameResolverRegistration - net.devh.boot.grpc.server.nameresolver.SelfNameResolverFactory@4882b9a was removed from the NameResolverRegistry
[2020-10-15 15:53:01.114] [main] [INFO ] com.htht.ReportTest - Starting ReportTest on DESKTOP-B511OAC with PID 16752 (started by admin in D:\gitcangku\monitor8\oap-server\server-starter-boot\server-starter-boot-schedule)
[2020-10-15 15:53:01.117] [main] [INFO ] com.htht.ReportTest - No active profile set, falling back to default profiles: default
[2020-10-15 15:53:04.542] [main] [INFO ] o.s.d.r.config.RepositoryConfigurationDelegate - Multiple Spring Data modules found, entering strict repository configuration mode!
[2020-10-15 15:53:04.556] [main] [INFO ] o.s.d.r.config.RepositoryConfigurationDelegate - Bootstrapping Spring Data repositories in DEFAULT mode.
[2020-10-15 15:53:04.682] [main] [INFO ] o.s.d.r.config.RepositoryConfigurationDelegate - Finished Spring Data repository scanning in 82ms. Found 0 repository interfaces.
[2020-10-15 15:53:05.512] [main] [INFO ] o.a.s.o.s.l.c.elasticsearch.ElasticSearchClient - elasticsearch cluster nodes: 10.1.100.35:9200
[2020-10-15 15:53:09.908] [main] [INFO ] n.d.b.g.c.nameresolver.NameResolverRegistration - net.devh.boot.grpc.server.nameresolver.SelfNameResolverFactory@6b3b2c34 is available -> Added to the NameResolverRegistry
[2020-10-15 15:53:11.010] [main] [INFO ] n.d.b.g.s.serverfactory.AbstractGrpcServerFactory - Registered gRPC service: CommonService, bean: commonService, class: com.piesat.common.grpc.service.CommonService
[2020-10-15 15:53:12.749] [main] [INFO ] n.d.b.g.server.serverfactory.GrpcServerLifecycle - gRPC Server started, listening on address: *, port: 11700
[2020-10-15 15:53:12.778] [main] [INFO ] com.htht.ReportTest - Started ReportTest in 13.629 seconds (JVM running for 16.277)
[2020-10-15 15:53:14.530] [main] [INFO ] io.lettuce.core.EpollProvider - Starting without optional epoll library
[2020-10-15 15:53:14.533] [main] [INFO ] io.lettuce.core.KqueueProvider - Starting without optional kqueue library
[2020-10-15 15:53:15.612] [grpc-worker-timing-pool-0] [INFO ] com.piesat.common.config.TimingConfig - ==执行服务发现线程==
[2020-10-15 15:53:15.613] [grpc-worker-timing-pool-1] [INFO ] com.piesat.common.config.TimingConfig - ==执行心跳监测线程==
[2020-10-15 15:53:26.635] [Thread-2] [INFO ] n.d.b.g.server.serverfactory.GrpcServerLifecycle - gRPC server shutdown.
[2020-10-15 15:53:26.646] [Thread-2] [INFO ] n.d.b.g.c.nameresolver.NameResolverRegistration - net.devh.boot.grpc.server.nameresolver.SelfNameResolverFactory@6b3b2c34 was removed from the NameResolverRegistry
[2020-10-15 15:54:36.783] [main] [INFO ] com.htht.ReportTest - Starting ReportTest on DESKTOP-B511OAC with PID 18252 (started by admin in D:\gitcangku\monitor8\oap-server\server-starter-boot\server-starter-boot-schedule)
[2020-10-15 15:54:36.786] [main] [INFO ] com.htht.ReportTest - No active profile set, falling back to default profiles: default
[2020-10-15 15:54:39.541] [main] [INFO ] o.s.d.r.config.RepositoryConfigurationDelegate - Multiple Spring Data modules found, entering strict repository configuration mode!
[2020-10-15 15:54:39.547] [main] [INFO ] o.s.d.r.config.RepositoryConfigurationDelegate - Bootstrapping Spring Data repositories in DEFAULT mode.
[2020-10-15 15:54:39.612] [main] [INFO ] o.s.d.r.config.RepositoryConfigurationDelegate - Finished Spring Data repository scanning in 41ms. Found 0 repository interfaces.
[2020-10-15 15:54:40.337] [main] [INFO ] o.a.s.o.s.l.c.elasticsearch.ElasticSearchClient - elasticsearch cluster nodes: 10.1.100.35:9200
[2020-10-15 15:54:44.708] [main] [INFO ] n.d.b.g.c.nameresolver.NameResolverRegistration - net.devh.boot.grpc.server.nameresolver.SelfNameResolverFactory@2168def is available -> Added to the NameResolverRegistry
[2020-10-15 15:54:45.778] [main] [INFO ] n.d.b.g.s.serverfactory.AbstractGrpcServerFactory - Registered gRPC service: CommonService, bean: commonService, class: com.piesat.common.grpc.service.CommonService
[2020-10-15 15:54:46.957] [main] [INFO ] n.d.b.g.server.serverfactory.GrpcServerLifecycle - gRPC Server started, listening on address: *, port: 11700
[2020-10-15 15:54:46.971] [main] [INFO ] com.htht.ReportTest - Started ReportTest in 11.656 seconds (JVM running for 14.157)
[2020-10-15 15:54:47.521] [main] [INFO ] io.lettuce.core.EpollProvider - Starting without optional epoll library
[2020-10-15 15:54:47.524] [main] [INFO ] io.lettuce.core.KqueueProvider - Starting without optional kqueue library
[2020-10-15 15:54:48.539] [grpc-worker-timing-pool-0] [INFO ] com.piesat.common.config.TimingConfig - ==执行服务发现线程==
[2020-10-15 15:54:48.540] [grpc-worker-timing-pool-1] [INFO ] com.piesat.common.config.TimingConfig - ==执行心跳监测线程==
[2020-10-15 15:56:05.939] [grpc-worker-timing-pool-0] [INFO ] com.piesat.common.config.TimingConfig - ==执行服务发现线程==
[2020-10-15 15:56:05.940] [grpc-worker-timing-pool-1] [INFO ] com.piesat.common.config.TimingConfig - ==执行心跳监测线程==
[2020-10-15 15:56:05.965] [Thread-2] [INFO ] n.d.b.g.server.serverfactory.GrpcServerLifecycle - gRPC server shutdown.
[2020-10-15 15:56:05.976] [Thread-2] [INFO ] n.d.b.g.c.nameresolver.NameResolverRegistration - net.devh.boot.grpc.server.nameresolver.SelfNameResolverFactory@2168def was removed from the NameResolverRegistry
